#
# There is insufficient memory for the Java Runtime Environment to continue.
# Native memory allocation (malloc) failed to allocate 32744 bytes for ChunkPool::allocate
# Possible reasons:
#   The system is out of physical RAM or swap space
#   The process is running with CompressedOops enabled, and the Java Heap may be blocking the growth of the native heap
# Possible solutions:
#   Reduce memory load on the system
#   Increase physical memory or swap space
#   Check if swap backing store is full
#   Decrease Java heap size (-Xmx/-Xms)
#   Decrease number of Java threads
#   Decrease Java thread stack sizes (-Xss)
#   Set larger code cache with -XX:ReservedCodeCacheSize=
#   JVM is running with Unscaled Compressed Oops mode in which the Java heap is
#     placed in the first 4GB address space. The Java Heap base address is the
#     maximum limit for the native heap growth. Please use -XX:HeapBaseMinAddress
#     to set the Java Heap base and to place the Java Heap above 4GB virtual address.
# This output file may be truncated or incomplete.
#
#  Out of Memory Error (allocation.cpp:272), pid=13816, tid=0x0000000000001a74
#
# JRE version: Java(TM) SE Runtime Environment (8.0_241-b07) (build 1.8.0_241-b07)
# Java VM: Java HotSpot(TM) 64-Bit Server VM (25.241-b07 mixed mode windows-amd64 compressed oops)
# Failed to write core dump. Minidumps are not enabled by default on client versions of Windows
#

---------------  T H R E A D  ---------------

Current thread (0x000000001448e800):  JavaThread "C2 CompilerThread1" daemon [_thread_in_native, id=6772, stack(0x0000000015be0000,0x0000000015ce0000)]

Stack: [0x0000000015be0000,0x0000000015ce0000]
[error occurred during error reporting (printing stack bounds), id 0xc0000005]

Native frames: (J=compiled Java code, j=interpreted, Vv=VM code, C=native code)


Current CompileTask:
C2: 528858 15478   !   4       sun.nio.ch.IOUtil::read (93 bytes)


---------------  P R O C E S S  ---------------

Java Threads: ( => current thread )
  0x000000001a69e000 JavaThread "Cache worker for execution history cache (D:\Training\ReactNative\jogja\android\.gradle\6.2\executionHistory)" [_thread_blocked, id=13880, stack(0x00000000238a0000,0x00000000239a0000)]
  0x000000001a6a0800 JavaThread "Execution worker for ':' Thread 3" [_thread_blocked, id=15000, stack(0x0000000024b80000,0x0000000024c80000)]
  0x000000001a697800 JavaThread "Execution worker for ':' Thread 2" [_thread_blocked, id=10356, stack(0x0000000024a80000,0x0000000024b80000)]
  0x000000001a699800 JavaThread "Execution worker for ':'" [_thread_blocked, id=9476, stack(0x00000000241d0000,0x00000000242d0000)]
  0x000000001a698000 JavaThread "Cache worker for file content cache (D:\Training\ReactNative\jogja\android\.gradle\6.2\fileContent)" [_thread_blocked, id=7472, stack(0x00000000237a0000,0x00000000238a0000)]
  0x0000000018d52800 JavaThread "Cache worker for Build Output Cleanup Cache (D:\Training\ReactNative\jogja\android\.gradle\buildOutputCleanup)" [_thread_blocked, id=17624, stack(0x00000000236a0000,0x00000000237a0000)]
  0x0000000018d52000 JavaThread "pool-2-thread-1" [_thread_blocked, id=15204, stack(0x00000000235a0000,0x00000000236a0000)]
  0x0000000018d51000 JavaThread "Build operations Thread 4" [_thread_blocked, id=16480, stack(0x0000000020880000,0x0000000020980000)]
  0x0000000018d53800 JavaThread "Build operations Thread 3" [_thread_blocked, id=10340, stack(0x0000000020580000,0x0000000020680000)]
  0x0000000018d50800 JavaThread "Build operations Thread 2" [_thread_blocked, id=13800, stack(0x0000000020080000,0x0000000020180000)]
  0x0000000018d4f800 JavaThread "Build operations" [_thread_blocked, id=8528, stack(0x000000001ff80000,0x0000000020080000)]
  0x0000000018d48000 JavaThread "Cache worker for cache directory md-rule (C:\Users\aurel\.gradle\caches\6.2\md-rule)" [_thread_blocked, id=9436, stack(0x000000001fe80000,0x000000001ff80000)]
  0x0000000018d4f000 JavaThread "Cache worker for cache directory md-supplier (C:\Users\aurel\.gradle\caches\6.2\md-supplier)" [_thread_blocked, id=10632, stack(0x000000001f960000,0x000000001fa60000)]
  0x0000000018d47800 JavaThread "Cache worker for file hash cache (D:\Training\ReactNative\jogja\android\.gradle\6.2\fileHashes)" [_thread_blocked, id=7588, stack(0x000000001e220000,0x000000001e320000)]
  0x0000000018d4e000 JavaThread "Cache worker for checksums cache (D:\Training\ReactNative\jogja\android\.gradle\checksums)" [_thread_blocked, id=3548, stack(0x000000001cb90000,0x000000001cc90000)]
  0x0000000018d4d800 JavaThread "Thread-48" [_thread_blocked, id=10344, stack(0x000000001c800000,0x000000001c900000)]
  0x0000000018d4c800 JavaThread "Stdin handler" [_thread_blocked, id=8344, stack(0x000000001c700000,0x000000001c800000)]
  0x0000000018d45000 JavaThread "Asynchronous log dispatcher for DefaultDaemonConnection: socket connection from /127.0.0.1:51020 to /127.0.0.1:51164" [_thread_blocked, id=13680, stack(0x000000001c600000,0x000000001c700000)]
  0x0000000018d4a800 JavaThread "Daemon worker Thread 2" [_thread_blocked, id=8072, stack(0x0000000019d60000,0x0000000019e60000)]
  0x0000000018d49800 JavaThread "Cancel handler" [_thread_blocked, id=2608, stack(0x0000000019560000,0x0000000019660000)]
  0x0000000018d44800 JavaThread "Handler for socket connection from /127.0.0.1:51020 to /127.0.0.1:51164" [_thread_in_native, id=7312, stack(0x0000000001350000,0x0000000001450000)]
  0x0000000018d4b000 JavaThread "Daemon Thread 2" [_thread_blocked, id=16216, stack(0x0000000001030000,0x0000000001130000)]
  0x0000000018d4c000 JavaThread "Thread-41" daemon [_thread_in_native, id=7400, stack(0x0000000024880000,0x0000000024980000)]
  0x0000000018d49000 JavaThread "EventQueueMonitor-ComponentEvtDispatch" daemon [_thread_blocked, id=16264, stack(0x00000000246f0000,0x00000000247f0000)]
  0x0000000018d46800 JavaThread "AWT-Windows" daemon [_thread_in_native, id=11120, stack(0x00000000242d0000,0x00000000243d0000)]
  0x0000000018d46000 JavaThread "Java2D Disposer" daemon [_thread_blocked, id=10980, stack(0x00000000240d0000,0x00000000241d0000)]
  0x000000001838f000 JavaThread "Device List Monitor" [_thread_in_native, id=7700, stack(0x0000000023fd0000,0x00000000240d0000)]
  0x000000001a6a5000 JavaThread "Monitor" [_thread_in_native, id=6248, stack(0x0000000023cb0000,0x0000000023db0000)]
  0x000000001a6a5800 JavaThread "Cache worker for file content cache (C:\Users\aurel\.gradle\caches\6.2\fileContent)" [_thread_blocked, id=9284, stack(0x00000000234a0000,0x00000000235a0000)]
  0x000000001a699000 JavaThread "Memory manager" [_thread_blocked, id=6052, stack(0x00000000215d0000,0x00000000216d0000)]
  0x0000000018393800 JavaThread "Cache worker for execution history cache (C:\Users\aurel\.gradle\caches\6.2\executionHistory)" [_thread_blocked, id=14560, stack(0x000000001dd20000,0x000000001de20000)]
  0x0000000018392000 JavaThread "Cache worker for file hash cache (C:\Users\aurel\.gradle\caches\6.2\fileHashes)" [_thread_blocked, id=604, stack(0x000000001a260000,0x000000001a360000)]
  0x000000001838f800 JavaThread "File lock request listener" [_thread_in_native, id=5660, stack(0x000000001a160000,0x000000001a260000)]
  0x0000000018390800 JavaThread "Cache worker for journal cache (C:\Users\aurel\.gradle\caches\journal-1)" [_thread_blocked, id=10360, stack(0x000000001a060000,0x000000001a160000)]
  0x00000000181bd800 JavaThread "Daemon periodic checks" [_thread_blocked, id=17448, stack(0x0000000019460000,0x0000000019560000)]
  0x0000000018179000 JavaThread "Incoming local TCP Connector on port 51020" [_thread_in_native, id=16068, stack(0x00000000164e0000,0x00000000165e0000)]
  0x0000000018096800 JavaThread "Daemon health stats" [_thread_blocked, id=2032, stack(0x00000000163e0000,0x00000000164e0000)]
  0x0000000015e14000 JavaThread "Service Thread" daemon [_thread_blocked, id=15960, stack(0x00000000161e0000,0x00000000162e0000)]
  0x000000001449d800 JavaThread "C1 CompilerThread2" daemon [_thread_blocked, id=2912, stack(0x0000000015ce0000,0x0000000015de0000)]
=>0x000000001448e800 JavaThread "C2 CompilerThread1" daemon [_thread_in_native, id=6772, stack(0x0000000015be0000,0x0000000015ce0000)]
  0x0000000014489800 JavaThread "C2 CompilerThread0" daemon [_thread_blocked, id=13520, stack(0x0000000015ae0000,0x0000000015be0000)]
  0x0000000014488000 JavaThread "Attach Listener" daemon [_thread_blocked, id=5916, stack(0x00000000159e0000,0x0000000015ae0000)]
  0x0000000014484800 JavaThread "Signal Dispatcher" daemon [_thread_blocked, id=16412, stack(0x00000000158e0000,0x00000000159e0000)]
  0x000000000310b000 JavaThread "Finalizer" daemon [_thread_blocked, id=372, stack(0x00000000156e0000,0x00000000157e0000)]
  0x0000000014469800 JavaThread "Reference Handler" daemon [_thread_blocked, id=10916, stack(0x00000000155e0000,0x00000000156e0000)]
  0x0000000003012800 JavaThread "main" [_thread_blocked, id=8560, stack(0x0000000002f10000,0x0000000003010000)]

Other Threads:
  0x0000000014447800 VMThread [stack: 0x00000000154e0000,0x00000000155e0000] [id=4876]
  0x0000000015e45000 WatcherThread [stack: 0x00000000162e0000,0x00000000163e0000] [id=13096]

VM state:not at safepoint (normal execution)

VM Mutex/Monitor currently owned by a thread: None

heap address: 0x00000000e0000000, size: 512 MB, Compressed Oops mode: 32-bit
Narrow klass base: 0x0000000000000000, Narrow klass shift: 3
Compressed class space size: 1073741824 Address: 0x0000000100000000

Heap:
 PSYoungGen      total 131072K, used 44735K [0x00000000f5580000, 0x00000000fff80000, 0x0000000100000000)
  eden space 88064K, 48% used [0x00000000f5580000,0x00000000f7f3fd60,0x00000000fab80000)
  from space 43008K, 4% used [0x00000000fab80000,0x00000000fad70000,0x00000000fd580000)
  to   space 42496K, 0% used [0x00000000fd600000,0x00000000fd600000,0x00000000fff80000)
 ParOldGen       total 178176K, used 110702K [0x00000000e0000000, 0x00000000eae00000, 0x00000000f5580000)
  object space 178176K, 62% used [0x00000000e0000000,0x00000000e6c1ba90,0x00000000eae00000)
 Metaspace       used 81443K, capacity 87716K, committed 88320K, reserved 1124352K
  class space    used 10961K, capacity 12392K, committed 12544K, reserved 1048576K

Card table byte_map: [0x00000000124d0000,0x00000000125e0000] byte_map_base: 0x0000000011dd0000

Marking Bits: (ParMarkBitMap*) 0x000000006604be30
 Begin Bits: [0x00000000129e0000, 0x00000000131e0000)
 End Bits:   [0x00000000131e0000, 0x00000000139e0000)

Polling page: 0x0000000001500000

CodeCache: size=245760Kb used=42840Kb max_used=42847Kb free=202920Kb
 bounds [0x0000000003110000, 0x0000000005b20000, 0x0000000012110000]
 total_blobs=13539 nmethods=12639 adapters=810
 compilation: enabled

Compilation events (10 events):
Event: 523.885 Thread 0x000000001448e800 nmethod 15472 0x000000000511dd90 code [0x000000000511dee0, 0x000000000511df68]
Event: 523.887 Thread 0x000000001449d800 15474   !   3       sun.nio.ch.IOUtil::write (142 bytes)
Event: 523.887 Thread 0x000000001449d800 nmethod 15474 0x00000000037190d0 code [0x00000000037192c0, 0x0000000003719b98]
Event: 524.456 Thread 0x0000000014489800 15475       4       com.android.ddmlib.utils.ArrayHelper::swap32bitsToArray (49 bytes)
Event: 524.457 Thread 0x000000001449d800 15476       1       com.android.ddmlib.SyncService$NullSyncProgressMonitor::advance (1 bytes)
Event: 524.457 Thread 0x000000001449d800 nmethod 15476 0x0000000003501e90 code [0x0000000003501fe0, 0x00000000035020f0]
Event: 524.457 Thread 0x0000000014489800 nmethod 15475 0x0000000004a5fd90 code [0x0000000004a5fec0, 0x0000000004a5ff98]
Event: 526.558 Thread 0x000000001449d800 15477   !   3       sun.nio.ch.SocketChannelImpl::ensureReadOpen (57 bytes)
Event: 526.558 Thread 0x000000001449d800 nmethod 15477 0x0000000005b0edd0 code [0x0000000005b0ef80, 0x0000000005b0f798]
Event: 528.814 Thread 0x000000001448e800 15478   !   4       sun.nio.ch.IOUtil::read (93 bytes)

GC Heap History (10 events):
Event: 517.856 GC heap before
{Heap before GC invocations=23 (full 3):
 PSYoungGen      total 140800K, used 140685K [0x00000000f5580000, 0x0000000100000000, 0x0000000100000000)
  eden space 113664K, 100% used [0x00000000f5580000,0x00000000fc480000,0x00000000fc480000)
  from space 27136K, 99% used [0x00000000fc480000,0x00000000fdee3738,0x00000000fdf00000)
  to   space 33792K, 0% used [0x00000000fdf00000,0x00000000fdf00000,0x0000000100000000)
 ParOldGen       total 178176K, used 122796K [0x00000000e0000000, 0x00000000eae00000, 0x00000000f5580000)
  object space 178176K, 68% used [0x00000000e0000000,0x00000000e77eb348,0x00000000eae00000)
 Metaspace       used 81234K, capacity 87310K, committed 87424K, reserved 1124352K
  class space    used 10960K, capacity 12389K, committed 12416K, reserved 1048576K
Event: 517.915 GC heap after
Heap after GC invocations=23 (full 3):
 PSYoungGen      total 121344K, used 33778K [0x00000000f5580000, 0x0000000100000000, 0x0000000100000000)
  eden space 87552K, 0% used [0x00000000f5580000,0x00000000f5580000,0x00000000fab00000)
  from space 33792K, 99% used [0x00000000fdf00000,0x00000000ffffc810,0x0000000100000000)
  to   space 43520K, 0% used [0x00000000fab00000,0x00000000fab00000,0x00000000fd580000)
 ParOldGen       total 178176K, used 134674K [0x00000000e0000000, 0x00000000eae00000, 0x00000000f5580000)
  object space 178176K, 75% used [0x00000000e0000000,0x00000000e83849e8,0x00000000eae00000)
 Metaspace       used 81234K, capacity 87310K, committed 87424K, reserved 1124352K
  class space    used 10960K, capacity 12389K, committed 12416K, reserved 1048576K
}
Event: 519.436 GC heap before
{Heap before GC invocations=24 (full 3):
 PSYoungGen      total 121344K, used 121330K [0x00000000f5580000, 0x0000000100000000, 0x0000000100000000)
  eden space 87552K, 100% used [0x00000000f5580000,0x00000000fab00000,0x00000000fab00000)
  from space 33792K, 99% used [0x00000000fdf00000,0x00000000ffffc810,0x0000000100000000)
  to   space 43520K, 0% used [0x00000000fab00000,0x00000000fab00000,0x00000000fd580000)
 ParOldGen       total 178176K, used 134674K [0x00000000e0000000, 0x00000000eae00000, 0x00000000f5580000)
  object space 178176K, 75% used [0x00000000e0000000,0x00000000e83849e8,0x00000000eae00000)
 Metaspace       used 81340K, capacity 87468K, committed 87680K, reserved 1124352K
  class space    used 10974K, capacity 12414K, committed 12416K, reserved 1048576K
Event: 519.498 GC heap after
Heap after GC invocations=24 (full 3):
 PSYoungGen      total 131072K, used 22528K [0x00000000f5580000, 0x0000000100000000, 0x0000000100000000)
  eden space 87552K, 0% used [0x00000000f5580000,0x00000000f5580000,0x00000000fab00000)
  from space 43520K, 51% used [0x00000000fab00000,0x00000000fc100040,0x00000000fd580000)
  to   space 43008K, 0% used [0x00000000fd600000,0x00000000fd600000,0x0000000100000000)
 ParOldGen       total 178176K, used 152682K [0x00000000e0000000, 0x00000000eae00000, 0x00000000f5580000)
  object space 178176K, 85% used [0x00000000e0000000,0x00000000e951ab98,0x00000000eae00000)
 Metaspace       used 81340K, capacity 87468K, committed 87680K, reserved 1124352K
  class space    used 10974K, capacity 12414K, committed 12416K, reserved 1048576K
}
Event: 520.905 GC heap before
{Heap before GC invocations=25 (full 3):
 PSYoungGen      total 131072K, used 110080K [0x00000000f5580000, 0x0000000100000000, 0x0000000100000000)
  eden space 87552K, 100% used [0x00000000f5580000,0x00000000fab00000,0x00000000fab00000)
  from space 43520K, 51% used [0x00000000fab00000,0x00000000fc100040,0x00000000fd580000)
  to   space 43008K, 0% used [0x00000000fd600000,0x00000000fd600000,0x0000000100000000)
 ParOldGen       total 178176K, used 152682K [0x00000000e0000000, 0x00000000eae00000, 0x00000000f5580000)
  object space 178176K, 85% used [0x00000000e0000000,0x00000000e951ab98,0x00000000eae00000)
 Metaspace       used 81574K, capacity 87948K, committed 88064K, reserved 1124352K
  class space    used 11001K, capacity 12462K, committed 12544K, reserved 1048576K
Event: 520.940 GC heap after
Heap after GC invocations=25 (full 3):
 PSYoungGen      total 130560K, used 1968K [0x00000000f5580000, 0x00000000fff80000, 0x0000000100000000)
  eden space 88064K, 0% used [0x00000000f5580000,0x00000000f5580000,0x00000000fab80000)
  from space 42496K, 4% used [0x00000000fd600000,0x00000000fd7ec010,0x00000000fff80000)
  to   space 43008K, 0% used [0x00000000fab80000,0x00000000fab80000,0x00000000fd580000)
 ParOldGen       total 178176K, used 174021K [0x00000000e0000000, 0x00000000eae00000, 0x00000000f5580000)
  object space 178176K, 97% used [0x00000000e0000000,0x00000000ea9f1470,0x00000000eae00000)
 Metaspace       used 81574K, capacity 87948K, committed 88064K, reserved 1124352K
  class space    used 11001K, capacity 12462K, committed 12544K, reserved 1048576K
}
Event: 520.940 GC heap before
{Heap before GC invocations=26 (full 4):
 PSYoungGen      total 130560K, used 1968K [0x00000000f5580000, 0x00000000fff80000, 0x0000000100000000)
  eden space 88064K, 0% used [0x00000000f5580000,0x00000000f5580000,0x00000000fab80000)
  from space 42496K, 4% used [0x00000000fd600000,0x00000000fd7ec010,0x00000000fff80000)
  to   space 43008K, 0% used [0x00000000fab80000,0x00000000fab80000,0x00000000fd580000)
 ParOldGen       total 178176K, used 174021K [0x00000000e0000000, 0x00000000eae00000, 0x00000000f5580000)
  object space 178176K, 97% used [0x00000000e0000000,0x00000000ea9f1470,0x00000000eae00000)
 Metaspace       used 81574K, capacity 87948K, committed 88064K, reserved 1124352K
  class space    used 11001K, capacity 12462K, committed 12544K, reserved 1048576K
Event: 521.737 GC heap after
Heap after GC invocations=26 (full 4):
 PSYoungGen      total 130560K, used 0K [0x00000000f5580000, 0x00000000fff80000, 0x0000000100000000)
  eden space 88064K, 0% used [0x00000000f5580000,0x00000000f5580000,0x00000000fab80000)
  from space 42496K, 0% used [0x00000000fd600000,0x00000000fd600000,0x00000000fff80000)
  to   space 43008K, 0% used [0x00000000fab80000,0x00000000fab80000,0x00000000fd580000)
 ParOldGen       total 178176K, used 110702K [0x00000000e0000000, 0x00000000eae00000, 0x00000000f5580000)
  object space 178176K, 62% used [0x00000000e0000000,0x00000000e6c1ba90,0x00000000eae00000)
 Metaspace       used 81378K, capacity 87554K, committed 88064K, reserved 1124352K
  class space    used 10953K, capacity 12377K, committed 12544K, reserved 1048576K
}
Event: 522.945 GC heap before
{Heap before GC invocations=27 (full 4):
 PSYoungGen      total 130560K, used 88064K [0x00000000f5580000, 0x00000000fff80000, 0x0000000100000000)
  eden space 88064K, 100% used [0x00000000f5580000,0x00000000fab80000,0x00000000fab80000)
  from space 42496K, 0% used [0x00000000fd600000,0x00000000fd600000,0x00000000fff80000)
  to   space 43008K, 0% used [0x00000000fab80000,0x00000000fab80000,0x00000000fd580000)
 ParOldGen       total 178176K, used 110702K [0x00000000e0000000, 0x00000000eae00000, 0x00000000f5580000)
  object space 178176K, 62% used [0x00000000e0000000,0x00000000e6c1ba90,0x00000000eae00000)
 Metaspace       used 81414K, capacity 87606K, committed 88064K, reserved 1124352K
  class space    used 10958K, capacity 12385K, committed 12544K, reserved 1048576K
Event: 522.960 GC heap after
Heap after GC invocations=27 (full 4):
 PSYoungGen      total 131072K, used 1984K [0x00000000f5580000, 0x00000000fff80000, 0x0000000100000000)
  eden space 88064K, 0% used [0x00000000f5580000,0x00000000f5580000,0x00000000fab80000)
  from space 43008K, 4% used [0x00000000fab80000,0x00000000fad70000,0x00000000fd580000)
  to   space 42496K, 0% used [0x00000000fd600000,0x00000000fd600000,0x00000000fff80000)
 ParOldGen       total 178176K, used 110702K [0x00000000e0000000, 0x00000000eae00000, 0x00000000f5580000)
  object space 178176K, 62% used [0x00000000e0000000,0x00000000e6c1ba90,0x00000000eae00000)
 Metaspace       used 81414K, capacity 87606K, committed 88064K, reserved 1124352K
  class space    used 10958K, capacity 12385K, committed 12544K, reserved 1048576K
}

Deoptimization events (10 events):
Event: 521.757 Thread 0x000000001a699800 Uncommon trap: reason=unstable_if action=reinterpret pc=0x00000000050d66f0 method=com.google.common.collect.MapMakerInternalMap$Segment.getEntry(Ljava/lang/Object;I)Lcom/google/common/collect/MapMakerInternalMap$InternalEntry; @ 40
Event: 521.773 Thread 0x0000000018d4a800 Uncommon trap: reason=null_assert action=make_not_entrant pc=0x00000000057dc8d4 method=org.gradle.internal.snapshot.impl.DefaultValueSnapshotter.processValue(Ljava/lang/Object;Lorg/gradle/internal/snapshot/impl/DefaultValueSnapshotter$ValueVisitor;)Ljava/
Event: 522.255 Thread 0x000000001a697800 Uncommon trap: reason=unstable_if action=reinterpret pc=0x00000000054bd40c method=org.gradle.api.internal.changedetection.state.CachingFileHasher.snapshot(Ljava/io/File;JJ)Lorg/gradle/api/internal/changedetection/state/CachingFileHasher$FileInfo; @ 59
Event: 522.537 Thread 0x000000001a699800 Uncommon trap: reason=unstable_if action=reinterpret pc=0x00000000059f76f4 method=org.gradle.execution.plan.DefaultExecutionPlan.tryAcquireLocksForNode(Lorg/gradle/execution/plan/Node;Lorg/gradle/internal/work/WorkerLeaseRegistry$WorkerLease;Lorg/gradle/e
Event: 522.627 Thread 0x0000000018d4a800 Uncommon trap: reason=bimorphic action=maybe_recompile pc=0x00000000042b77c8 method=org.gradle.internal.fingerprint.impl.DefaultFileCollectionSnapshotter$SnapshottingVisitor.visitCollection(Lorg/gradle/api/internal/file/FileCollectionInternal$Source;Ljava
Event: 522.627 Thread 0x000000001a6a0800 Uncommon trap: reason=bimorphic action=maybe_recompile pc=0x00000000042b77c8 method=org.gradle.internal.fingerprint.impl.DefaultFileCollectionSnapshotter$SnapshottingVisitor.visitCollection(Lorg/gradle/api/internal/file/FileCollectionInternal$Source;Ljava
Event: 523.361 Thread 0x000000001a697800 Uncommon trap: reason=null_check action=make_not_entrant pc=0x00000000032deb68 method=org.gradle.api.internal.tasks.properties.bean.AbstractNestedRuntimeBeanNode$BeanPropertyValue.isConfigurable()Z @ 9
Event: 523.740 Thread 0x000000001a697800 Uncommon trap: reason=unstable_if action=reinterpret pc=0x00000000055dd9e0 method=sun.nio.ch.IOUtil.writeFromNativeBuffer(Ljava/io/FileDescriptor;Ljava/nio/ByteBuffer;JLsun/nio/ch/NativeDispatcher;)I @ 121
Event: 523.753 Thread 0x000000001a697800 Uncommon trap: reason=unstable_if action=reinterpret pc=0x00000000053f8dac method=sun.nio.ch.IOUtil.writeFromNativeBuffer(Ljava/io/FileDescriptor;Ljava/nio/ByteBuffer;JLsun/nio/ch/NativeDispatcher;)I @ 121
Event: 523.758 Thread 0x000000001a697800 Uncommon trap: reason=unstable_if action=reinterpret pc=0x00000000041f2534 method=sun.nio.ch.IOUtil.writeFromNativeBuffer(Ljava/io/FileDescriptor;Ljava/nio/ByteBuffer;JLsun/nio/ch/NativeDispatcher;)I @ 121

Classes redefined (0 events):
No events

Internal exceptions (10 events):
Event: 520.744 Thread 0x0000000018d4a800 Exception <a 'sun/nio/fs/WindowsException'> (0x00000000f95e32e8) thrown at [C:\ade\jenkins\workspace\8-2-build-windows-amd64-cygwin\jdk8u241\331\hotspot\src\share\vm\prims\jni.cpp, line 710]
Event: 520.767 Thread 0x000000001a697800 Exception <a 'sun/nio/fs/WindowsException'> (0x00000000f980ed08) thrown at [C:\ade\jenkins\workspace\8-2-build-windows-amd64-cygwin\jdk8u241\331\hotspot\src\share\vm\prims\jni.cpp, line 710]
Event: 520.767 Thread 0x000000001a697800 Exception <a 'sun/nio/fs/WindowsException'> (0x00000000f980f990) thrown at [C:\ade\jenkins\workspace\8-2-build-windows-amd64-cygwin\jdk8u241\331\hotspot\src\share\vm\prims\jni.cpp, line 710]
Event: 520.767 Thread 0x000000001a697800 Exception <a 'sun/nio/fs/WindowsException'> (0x00000000f98106b8) thrown at [C:\ade\jenkins\workspace\8-2-build-windows-amd64-cygwin\jdk8u241\331\hotspot\src\share\vm\prims\jni.cpp, line 710]
Event: 520.768 Thread 0x000000001a697800 Exception <a 'sun/nio/fs/WindowsException'> (0x00000000f9816d30) thrown at [C:\ade\jenkins\workspace\8-2-build-windows-amd64-cygwin\jdk8u241\331\hotspot\src\share\vm\prims\jni.cpp, line 710]
Event: 520.768 Thread 0x000000001a697800 Exception <a 'sun/nio/fs/WindowsException'> (0x00000000f98179b8) thrown at [C:\ade\jenkins\workspace\8-2-build-windows-amd64-cygwin\jdk8u241\331\hotspot\src\share\vm\prims\jni.cpp, line 710]
Event: 520.768 Thread 0x000000001a697800 Exception <a 'sun/nio/fs/WindowsException'> (0x00000000f98186e0) thrown at [C:\ade\jenkins\workspace\8-2-build-windows-amd64-cygwin\jdk8u241\331\hotspot\src\share\vm\prims\jni.cpp, line 710]
Event: 521.741 Thread 0x000000001a699800 Implicit null exception at 0x00000000052124b4 to 0x0000000005212b2d
Event: 521.754 Thread 0x000000001a6a0800 Implicit null exception at 0x0000000004b279ad to 0x0000000004b28005
Event: 523.359 Thread 0x000000001a697800 Exception <a 'java/io/FileNotFoundException'> (0x00000000f7e59118) thrown at [C:\ade\jenkins\workspace\8-2-build-windows-amd64-cygwin\jdk8u241\331\hotspot\src\share\vm\prims\jni.cpp, line 710]

Events (10 events):
Event: 523.740 Thread 0x000000001a697800 DEOPT UNPACKING pc=0x000000000315583b sp=0x0000000024b7b140 mode 2
Event: 523.753 Thread 0x000000001a697800 Uncommon trap: trap_request=0xffffff65 fr.pc=0x00000000053f8dac
Event: 523.753 Thread 0x000000001a697800 DEOPT PACKING pc=0x00000000053f8dac sp=0x0000000024b7b1d0
Event: 523.753 Thread 0x000000001a697800 DEOPT UNPACKING pc=0x000000000315583b sp=0x0000000024b7b118 mode 2
Event: 523.758 Thread 0x000000001a697800 Uncommon trap: trap_request=0xffffff65 fr.pc=0x00000000041f2534
Event: 523.758 Thread 0x000000001a697800 DEOPT PACKING pc=0x00000000041f2534 sp=0x0000000024b7b170
Event: 523.758 Thread 0x000000001a697800 DEOPT UNPACKING pc=0x000000000315583b sp=0x0000000024b7b118 mode 2
Event: 523.885 Thread 0x000000001449d800 flushing nmethod 0x0000000003a0c850
Event: 523.885 Thread 0x000000001449d800 flushing nmethod 0x0000000003ac4e90
Event: 523.888 Thread 0x000000001449d800 flushing nmethod 0x0000000003d12c50


Dynamic libraries:
0x00007ff6a8380000 - 0x00007ff6a83b7000 	C:\Program Files\Java\jdk1.8.0_241\bin\java.exe
0x00007ffd69e10000 - 0x00007ffd6a005000 	C:\WINDOWS\SYSTEM32\ntdll.dll
0x00007ffd68b20000 - 0x00007ffd68bdd000 	C:\WINDOWS\System32\KERNEL32.DLL
0x00007ffd67840000 - 0x00007ffd67b08000 	C:\WINDOWS\System32\KERNELBASE.dll
0x00007ffd68260000 - 0x00007ffd6830c000 	C:\WINDOWS\System32\ADVAPI32.dll
0x00007ffd68710000 - 0x00007ffd687ae000 	C:\WINDOWS\System32\msvcrt.dll
0x00007ffd67e80000 - 0x00007ffd67f1b000 	C:\WINDOWS\System32\sechost.dll
0x00007ffd685e0000 - 0x00007ffd6870b000 	C:\WINDOWS\System32\RPCRT4.dll
0x00007ffd69220000 - 0x00007ffd693c0000 	C:\WINDOWS\System32\USER32.dll
0x00007ffd67810000 - 0x00007ffd67832000 	C:\WINDOWS\System32\win32u.dll
0x00007ffd68090000 - 0x00007ffd680ba000 	C:\WINDOWS\System32\GDI32.dll
0x00007ffd67bc0000 - 0x00007ffd67ccb000 	C:\WINDOWS\System32\gdi32full.dll
0x00007ffd67dd0000 - 0x00007ffd67e6d000 	C:\WINDOWS\System32\msvcp_win.dll
0x00007ffd67cd0000 - 0x00007ffd67dd0000 	C:\WINDOWS\System32\ucrtbase.dll
0x00007ffd585b0000 - 0x00007ffd5884a000 	C:\WINDOWS\WinSxS\amd64_microsoft.windows.common-controls_6595b64144ccf1df_6.0.19041.844_none_ca00b6081b84eb1d\COMCTL32.dll
0x00007ffd67f20000 - 0x00007ffd67f50000 	C:\WINDOWS\System32\IMM32.DLL
0x00000000678c0000 - 0x0000000067992000 	C:\Program Files\Java\jdk1.8.0_241\jre\bin\msvcr100.dll
0x0000000065820000 - 0x00000000660cc000 	C:\Program Files\Java\jdk1.8.0_241\jre\bin\server\jvm.dll
0x00007ffd67e70000 - 0x00007ffd67e78000 	C:\WINDOWS\System32\PSAPI.DLL
0x00007ffd65ce0000 - 0x00007ffd65ce9000 	C:\WINDOWS\SYSTEM32\WSOCK32.dll
0x00007ffd61a60000 - 0x00007ffd61a87000 	C:\WINDOWS\SYSTEM32\WINMM.dll
0x00007ffd68370000 - 0x00007ffd683db000 	C:\WINDOWS\System32\WS2_32.dll
0x00007ffd60db0000 - 0x00007ffd60dba000 	C:\WINDOWS\SYSTEM32\VERSION.dll
0x00007ffd5bd30000 - 0x00007ffd5bd3f000 	C:\Program Files\Java\jdk1.8.0_241\jre\bin\verify.dll
0x00007ffd58d30000 - 0x00007ffd58d59000 	C:\Program Files\Java\jdk1.8.0_241\jre\bin\java.dll
0x00007ffd54ed0000 - 0x00007ffd54ee6000 	C:\Program Files\Java\jdk1.8.0_241\jre\bin\zip.dll
0x00007ffd693c0000 - 0x00007ffd69b02000 	C:\WINDOWS\System32\SHELL32.dll
0x00007ffd65260000 - 0x00007ffd659f1000 	C:\WINDOWS\SYSTEM32\windows.storage.dll
0x00007ffd687c0000 - 0x00007ffd68b15000 	C:\WINDOWS\System32\combase.dll
0x00007ffd66fc0000 - 0x00007ffd66fec000 	C:\WINDOWS\SYSTEM32\Wldp.dll
0x00007ffd67fe0000 - 0x00007ffd6808e000 	C:\WINDOWS\System32\SHCORE.dll
0x00007ffd691c0000 - 0x00007ffd69215000 	C:\WINDOWS\System32\shlwapi.dll
0x00007ffd67490000 - 0x00007ffd674af000 	C:\WINDOWS\SYSTEM32\profapi.dll
0x00007ffd54290000 - 0x00007ffd542aa000 	C:\Program Files\Java\jdk1.8.0_241\jre\bin\net.dll
0x00007ffd66d30000 - 0x00007ffd66d9a000 	C:\WINDOWS\system32\mswsock.dll
0x00007ffd54270000 - 0x00007ffd54282000 	C:\Program Files\Java\jdk1.8.0_241\jre\bin\nio.dll
0x00007ffd3ca80000 - 0x00007ffd3caaa000 	C:\Users\aurel\.gradle\native\36\windows-amd64\native-platform.dll
0x00007ffd59570000 - 0x00007ffd5957d000 	C:\Program Files\Java\jdk1.8.0_241\jre\bin\management.dll
0x00007ffd66f10000 - 0x00007ffd66f28000 	C:\WINDOWS\SYSTEM32\CRYPTSP.dll
0x00007ffd66660000 - 0x00007ffd66694000 	C:\WINDOWS\system32\rsaenh.dll
0x00007ffd675b0000 - 0x00007ffd675d7000 	C:\WINDOWS\System32\bcrypt.dll
0x00007ffd67450000 - 0x00007ffd6747e000 	C:\WINDOWS\SYSTEM32\USERENV.dll
0x00007ffd67740000 - 0x00007ffd677c0000 	C:\WINDOWS\System32\bcryptprimitives.dll
0x00007ffd66f00000 - 0x00007ffd66f0c000 	C:\WINDOWS\SYSTEM32\CRYPTBASE.dll
0x00007ffd669d0000 - 0x00007ffd66a0b000 	C:\WINDOWS\SYSTEM32\IPHLPAPI.DLL
0x00007ffd687b0000 - 0x00007ffd687b8000 	C:\WINDOWS\System32\NSI.dll
0x00007ffd5e120000 - 0x00007ffd5e137000 	C:\WINDOWS\SYSTEM32\dhcpcsvc6.DLL
0x00007ffd5e190000 - 0x00007ffd5e1ad000 	C:\WINDOWS\SYSTEM32\dhcpcsvc.DLL
0x00007ffd66a20000 - 0x00007ffd66aec000 	C:\WINDOWS\SYSTEM32\DNSAPI.dll
0x00007ffd601a0000 - 0x00007ffd601c4000 	C:\Program Files\Java\jdk1.8.0_241\jre\bin\sunec.dll
0x00007ffd60d90000 - 0x00007ffd60d9a000 	C:\Windows\System32\rasadhlp.dll
0x00007ffd5c740000 - 0x00007ffd5c7bf000 	C:\WINDOWS\System32\fwpuclnt.dll
0x00007ffd5fe10000 - 0x00007ffd5fe1b000 	C:\Program Files\Java\jdk1.8.0_241\jre\bin\sunmscapi.dll
0x00007ffd675e0000 - 0x00007ffd6773f000 	C:\WINDOWS\System32\CRYPT32.dll
0x00007ffd38510000 - 0x00007ffd386aa000 	C:\Program Files\Java\jdk1.8.0_241\jre\bin\awt.dll
0x00007ffd683e0000 - 0x00007ffd684ad000 	C:\WINDOWS\System32\OLEAUT32.dll
0x00007ffd64280000 - 0x00007ffd64310000 	C:\WINDOWS\SYSTEM32\apphelp.dll
0x00007ffd64400000 - 0x00007ffd6449e000 	C:\WINDOWS\system32\uxtheme.dll
0x00007ffd680c0000 - 0x00007ffd681d5000 	C:\WINDOWS\System32\MSCTF.dll
0x00007ffd684b0000 - 0x00007ffd685da000 	C:\WINDOWS\System32\ole32.dll
0x00007ffd65e50000 - 0x00007ffd65e62000 	C:\WINDOWS\SYSTEM32\kernel.appcore.dll
0x00007ffd48bc0000 - 0x00007ffd48be7000 	C:\Program Files\Java\jdk1.8.0_241\jre\bin\JavaAccessBridge-64.dll
0x00007ffd542b0000 - 0x00007ffd542b7000 	C:\Program Files\Java\jdk1.8.0_241\jre\bin\jawt.dll
0x00007ffd54260000 - 0x00007ffd54267000 	C:\Program Files\Java\jdk1.8.0_241\jre\bin\JAWTAccessBridge-64.dll

VM Arguments:
jvm_args: -XX:MaxMetaspaceSize=256m -XX:+HeapDumpOnOutOfMemoryError -Xms256m -Xmx512m -Dfile.encoding=windows-1252 -Duser.country=US -Duser.language=en -Duser.variant 
java_command: org.gradle.launcher.daemon.bootstrap.GradleDaemon 6.2
java_class_path (initial): C:\Users\aurel\.gradle\wrapper\dists\gradle-6.2-all\dvufqs6kielxeao781pmk5huj\gradle-6.2\lib\gradle-launcher-6.2.jar
Launcher Type: SUN_STANDARD

Environment Variables:
JAVA_HOME=C:\Program Files\Java\jdk1.8.0_241
CLASSPATH=D:\Training\ReactNative\jogja\android\\gradle\wrapper\gradle-wrapper.jar
PATH=D:\Training\ReactNative\jogja\android\node_modules\.bin;D:\Training\ReactNative\jogja\node_modules\.bin;D:\Training\ReactNative\node_modules\.bin;D:\Training\node_modules\.bin;D:\node_modules\.bin;C:\Program Files\nodejs;C:\Program Files (x86)\Common Files\Oracle\Java\javapath;C:\oraclexe\app\oracle\product\10.2.0\server\bin;C:\WINDOWS\system32;C:\WINDOWS;C:\WINDOWS\System32\Wbem;C:\WINDOWS\System32\WindowsPowerShell\v1.0\;C:\WINDOWS\System32\OpenSSH\;C:\Go\bin;C:\Program Files\Common Files\Autodesk Shared\;C:\Program Files\Microsoft SQL Server\120\Tools\Binn\;C:\Program Files (x86)\Yarn\bin\;C:\Users\aurel\AppData\Local\Programs\Python\Python37;C:\Program Files\nodejs\;C:\Program Files\MySQL\MySQL Shell 8.0\bin\;C:\Program Files\Git\cmd;C:\Users\aurel\AppData\Local\Microsoft\WindowsApps;C:\Users\aurel\AppData\Local\Programs\Microsoft VS Code\bin;C:\src\flutter\bin;C:\sdk\tools;C:\sdk\platform-tools;C:\Users\aurel\go\bin;C:\Users\aurel\AppData\Local\Programs\Python\Python37\Scripts;C:\Users\aurel\AppData\Roaming\npm;C:\Users\aurel\AppData\Local\Yarn\bin;C:\PHP7;C:\Program Files\heroku\bin;C:\texlive\2020\bin\win32;C:\Users\aurel\AppData\Local\Microsoft\WindowsApps
USERNAME=aurel
OS=Windows_NT
PROCESSOR_IDENTIFIER=Intel64 Family 6 Model 142 Stepping 9, GenuineIntel



---------------  S Y S T E M  ---------------

OS: Windows 10.0 , 64 bit Build 19041 (10.0.19041.928)

CPU:total 4 (initial active 4) (2 cores per cpu, 2 threads per core) family 6 model 142 stepping 9, cmov, cx8, fxsr, mmx, sse, sse2, sse3, ssse3, sse4.1, sse4.2, popcnt, avx, avx2, aes, clmul, erms, 3dnowpref, lzcnt, ht, tsc, tscinvbit, bmi1, bmi2, adx

Memory: 4k page, physical 12460576k(3765816k free), swap 50209312k(4112k free)

vm_info: Java HotSpot(TM) 64-Bit Server VM (25.241-b07) for windows-amd64 JRE (1.8.0_241-b07), built on Dec 11 2019 10:21:40 by "rejava" with MS VC++ 10.0 (VS2010)

time: Sat May 15 09:51:37 2021
timezone: SE Asia Standard Time
elapsed time: 528 seconds (0d 0h 8m 48s)

