#
# There is insufficient memory for the Java Runtime Environment to continue.
# Native memory allocation (malloc) failed to allocate 1135216 bytes for Chunk::new
# Possible reasons:
#   The system is out of physical RAM or swap space
#   The process is running with CompressedOops enabled, and the Java Heap may be blocking the growth of the native heap
# Possible solutions:
#   Reduce memory load on the system
#   Increase physical memory or swap space
#   Check if swap backing store is full
#   Decrease Java heap size (-Xmx/-Xms)
#   Decrease number of Java threads
#   Decrease Java thread stack sizes (-Xss)
#   Set larger code cache with -XX:ReservedCodeCacheSize=
#   JVM is running with Unscaled Compressed Oops mode in which the Java heap is
#     placed in the first 4GB address space. The Java Heap base address is the
#     maximum limit for the native heap growth. Please use -XX:HeapBaseMinAddress
#     to set the Java Heap base and to place the Java Heap above 4GB virtual address.
# This output file may be truncated or incomplete.
#
#  Out of Memory Error (allocation.cpp:389), pid=13164, tid=0x0000000000000ea4
#
# JRE version: Java(TM) SE Runtime Environment (8.0_241-b07) (build 1.8.0_241-b07)
# Java VM: Java HotSpot(TM) 64-Bit Server VM (25.241-b07 mixed mode windows-amd64 compressed oops)
# Failed to write core dump. Minidumps are not enabled by default on client versions of Windows
#

---------------  T H R E A D  ---------------

Current thread (0x0000000014389000):  JavaThread "C2 CompilerThread0" daemon [_thread_in_native, id=3748, stack(0x00000000159f0000,0x0000000015af0000)]

Stack: [0x00000000159f0000,0x0000000015af0000]
[error occurred during error reporting (printing stack bounds), id 0xc0000005]

Native frames: (J=compiled Java code, j=interpreted, Vv=VM code, C=native code)


Current CompileTask:
C2:   3131 1390       4       java.net.URLClassLoader$1::run (5 bytes)


---------------  P R O C E S S  ---------------

Java Threads: ( => current thread )
  0x0000000018071000 JavaThread "Cache worker for file hash cache (C:\Users\aurel\.gradle\caches\6.2\fileHashes)" [_thread_blocked, id=11092, stack(0x000000001a110000,0x000000001a210000)]
  0x0000000018073800 JavaThread "File lock request listener" [_thread_in_native, id=10948, stack(0x000000001a010000,0x000000001a110000)]
  0x0000000018075000 JavaThread "Cache worker for journal cache (C:\Users\aurel\.gradle\caches\journal-1)" [_thread_blocked, id=11284, stack(0x0000000019f10000,0x000000001a010000)]
  0x0000000017fd9800 JavaThread "Thread-9" [_thread_blocked, id=12920, stack(0x0000000019c10000,0x0000000019d10000)]
  0x0000000017fd5800 JavaThread "Stdin handler" [_thread_blocked, id=13200, stack(0x0000000019b10000,0x0000000019c10000)]
  0x0000000017fd4800 JavaThread "Asynchronous log dispatcher for DefaultDaemonConnection: socket connection from /127.0.0.1:49883 to /127.0.0.1:49884" [_thread_blocked, id=10336, stack(0x0000000019a10000,0x0000000019b10000)]
  0x0000000017fd2000 JavaThread "Daemon worker" [_thread_in_Java, id=4052, stack(0x0000000019710000,0x0000000019810000)]
  0x0000000017fd1800 JavaThread "Cancel handler" [_thread_blocked, id=9168, stack(0x0000000019610000,0x0000000019710000)]
  0x0000000017f71800 JavaThread "Handler for socket connection from /127.0.0.1:49883 to /127.0.0.1:49884" [_thread_in_native, id=12548, stack(0x0000000019510000,0x0000000019610000)]
  0x0000000017f6e800 JavaThread "Daemon periodic checks" [_thread_blocked, id=14476, stack(0x0000000019410000,0x0000000019510000)]
  0x0000000017f47800 JavaThread "Daemon" [_thread_blocked, id=4312, stack(0x0000000019310000,0x0000000019410000)]
  0x0000000017f3a800 JavaThread "Incoming local TCP Connector on port 49883" [_thread_in_native, id=9904, stack(0x00000000190d0000,0x00000000191d0000)]
  0x0000000017f0f800 JavaThread "Daemon health stats" [_thread_blocked, id=7464, stack(0x0000000018a90000,0x0000000018b90000)]
  0x0000000015d13800 JavaThread "Service Thread" daemon [_thread_blocked, id=7792, stack(0x00000000160f0000,0x00000000161f0000)]
  0x00000000143db000 JavaThread "C1 CompilerThread2" daemon [_thread_blocked, id=2748, stack(0x0000000015bf0000,0x0000000015cf0000)]
  0x000000001438f000 JavaThread "C2 CompilerThread1" daemon [_thread_blocked, id=10772, stack(0x0000000015af0000,0x0000000015bf0000)]
=>0x0000000014389000 JavaThread "C2 CompilerThread0" daemon [_thread_in_native, id=3748, stack(0x00000000159f0000,0x0000000015af0000)]
  0x0000000014387000 JavaThread "Attach Listener" daemon [_thread_blocked, id=14544, stack(0x00000000158f0000,0x00000000159f0000)]
  0x0000000014385000 JavaThread "Signal Dispatcher" daemon [_thread_blocked, id=9352, stack(0x00000000157f0000,0x00000000158f0000)]
  0x0000000003006000 JavaThread "Finalizer" daemon [_thread_blocked, id=13024, stack(0x00000000155f0000,0x00000000156f0000)]
  0x000000001436a000 JavaThread "Reference Handler" daemon [_thread_blocked, id=4192, stack(0x00000000154f0000,0x00000000155f0000)]
  0x0000000002f12800 JavaThread "main" [_thread_blocked, id=12192, stack(0x0000000002d10000,0x0000000002e10000)]

Other Threads:
  0x0000000014348800 VMThread [stack: 0x00000000153f0000,0x00000000154f0000] [id=13540]
  0x0000000015d14800 WatcherThread [stack: 0x00000000161f0000,0x00000000162f0000] [id=14028]

VM state:not at safepoint (normal execution)

VM Mutex/Monitor currently owned by a thread: None

heap address: 0x00000000e0000000, size: 512 MB, Compressed Oops mode: 32-bit
Narrow klass base: 0x0000000000000000, Narrow klass shift: 3
Compressed class space size: 1073741824 Address: 0x0000000100000000

Heap:
 PSYoungGen      total 76288K, used 19186K [0x00000000f5580000, 0x00000000faa80000, 0x0000000100000000)
  eden space 65536K, 14% used [0x00000000f5580000,0x00000000f5edac50,0x00000000f9580000)
  from space 10752K, 89% used [0x00000000fa000000,0x00000000fa961c00,0x00000000faa80000)
  to   space 10752K, 0% used [0x00000000f9580000,0x00000000f9580000,0x00000000fa000000)
 ParOldGen       total 175104K, used 24K [0x00000000e0000000, 0x00000000eab00000, 0x00000000f5580000)
  object space 175104K, 0% used [0x00000000e0000000,0x00000000e0006000,0x00000000eab00000)
 Metaspace       used 15423K, capacity 15850K, committed 16128K, reserved 1062912K
  class space    used 2137K, capacity 2293K, committed 2304K, reserved 1048576K

Card table byte_map: [0x00000000123d0000,0x00000000124e0000] byte_map_base: 0x0000000011cd0000

Marking Bits: (ParMarkBitMap*) 0x000000007428be30
 Begin Bits: [0x00000000128e0000, 0x00000000130e0000)
 End Bits:   [0x00000000130e0000, 0x00000000138e0000)

Polling page: 0x0000000000de0000

CodeCache: size=245760Kb used=5110Kb max_used=5110Kb free=240649Kb
 bounds [0x0000000003010000, 0x0000000003520000, 0x0000000012010000]
 total_blobs=1799 nmethods=1410 adapters=302
 compilation: enabled

Compilation events (10 events):
Event: 3.093 Thread 0x00000000143db000 1408       3       org.gradle.initialization.MixInLegacyTypesClassLoader::shouldTransform (42 bytes)
Event: 3.093 Thread 0x00000000143db000 nmethod 1408 0x000000000350b790 code [0x000000000350b920, 0x000000000350bd78]
Event: 3.093 Thread 0x00000000143db000 1409       1       java.util.concurrent.atomic.AtomicInteger::get (5 bytes)
Event: 3.093 Thread 0x00000000143db000 nmethod 1409 0x000000000350b4d0 code [0x000000000350b620, 0x000000000350b730]
Event: 3.096 Thread 0x00000000143db000 1410       3       java.util.LinkedList::unlink (91 bytes)
Event: 3.097 Thread 0x00000000143db000 nmethod 1410 0x000000000350af90 code [0x000000000350b100, 0x000000000350b3d0]
Event: 3.097 Thread 0x00000000143db000 1411       1       sun.reflect.generics.repository.AbstractRepository::getFactory (5 bytes)
Event: 3.097 Thread 0x00000000143db000 nmethod 1411 0x000000000350acd0 code [0x000000000350ae20, 0x000000000350af30]
Event: 3.108 Thread 0x00000000143db000 1412       1       org.gradle.internal.service.AbstractServiceMethod::getParameterTypes (5 bytes)
Event: 3.108 Thread 0x00000000143db000 nmethod 1412 0x000000000350aa10 code [0x000000000350ab60, 0x000000000350ac70]

GC Heap History (4 events):
Event: 1.470 GC heap before
{Heap before GC invocations=1 (full 0):
 PSYoungGen      total 76288K, used 65536K [0x00000000f5580000, 0x00000000faa80000, 0x0000000100000000)
  eden space 65536K, 100% used [0x00000000f5580000,0x00000000f9580000,0x00000000f9580000)
  from space 10752K, 0% used [0x00000000fa000000,0x00000000fa000000,0x00000000faa80000)
  to   space 10752K, 0% used [0x00000000f9580000,0x00000000f9580000,0x00000000fa000000)
 ParOldGen       total 175104K, used 0K [0x00000000e0000000, 0x00000000eab00000, 0x00000000f5580000)
  object space 175104K, 0% used [0x00000000e0000000,0x00000000e0000000,0x00000000eab00000)
 Metaspace       used 7415K, capacity 7670K, committed 7808K, reserved 1056768K
  class space    used 942K, capacity 1045K, committed 1152K, reserved 1048576K
Event: 1.476 GC heap after
Heap after GC invocations=1 (full 0):
 PSYoungGen      total 76288K, used 5771K [0x00000000f5580000, 0x00000000faa80000, 0x0000000100000000)
  eden space 65536K, 0% used [0x00000000f5580000,0x00000000f5580000,0x00000000f9580000)
  from space 10752K, 53% used [0x00000000f9580000,0x00000000f9b22cd8,0x00000000fa000000)
  to   space 10752K, 0% used [0x00000000fa000000,0x00000000fa000000,0x00000000faa80000)
 ParOldGen       total 175104K, used 16K [0x00000000e0000000, 0x00000000eab00000, 0x00000000f5580000)
  object space 175104K, 0% used [0x00000000e0000000,0x00000000e0004000,0x00000000eab00000)
 Metaspace       used 7415K, capacity 7670K, committed 7808K, reserved 1056768K
  class space    used 942K, capacity 1045K, committed 1152K, reserved 1048576K
}
Event: 3.054 GC heap before
{Heap before GC invocations=2 (full 0):
 PSYoungGen      total 76288K, used 71307K [0x00000000f5580000, 0x00000000faa80000, 0x0000000100000000)
  eden space 65536K, 100% used [0x00000000f5580000,0x00000000f9580000,0x00000000f9580000)
  from space 10752K, 53% used [0x00000000f9580000,0x00000000f9b22cd8,0x00000000fa000000)
  to   space 10752K, 0% used [0x00000000fa000000,0x00000000fa000000,0x00000000faa80000)
 ParOldGen       total 175104K, used 16K [0x00000000e0000000, 0x00000000eab00000, 0x00000000f5580000)
  object space 175104K, 0% used [0x00000000e0000000,0x00000000e0004000,0x00000000eab00000)
 Metaspace       used 15174K, capacity 15594K, committed 15872K, reserved 1062912K
  class space    used 2077K, capacity 2229K, committed 2304K, reserved 1048576K
Event: 3.068 GC heap after
Heap after GC invocations=2 (full 0):
 PSYoungGen      total 76288K, used 9607K [0x00000000f5580000, 0x00000000faa80000, 0x0000000100000000)
  eden space 65536K, 0% used [0x00000000f5580000,0x00000000f5580000,0x00000000f9580000)
  from space 10752K, 89% used [0x00000000fa000000,0x00000000fa961c00,0x00000000faa80000)
  to   space 10752K, 0% used [0x00000000f9580000,0x00000000f9580000,0x00000000fa000000)
 ParOldGen       total 175104K, used 24K [0x00000000e0000000, 0x00000000eab00000, 0x00000000f5580000)
  object space 175104K, 0% used [0x00000000e0000000,0x00000000e0006000,0x00000000eab00000)
 Metaspace       used 15174K, capacity 15594K, committed 15872K, reserved 1062912K
  class space    used 2077K, capacity 2229K, committed 2304K, reserved 1048576K
}

Deoptimization events (10 events):
Event: 1.991 Thread 0x0000000002f12800 Uncommon trap: reason=unstable_if action=reinterpret pc=0x0000000003333568 method=java.io.WinNTFileSystem.normalize(Ljava/lang/String;)Ljava/lang/String; @ 128
Event: 2.582 Thread 0x0000000017fd2000 Uncommon trap: reason=bimorphic action=maybe_recompile pc=0x00000000032e2de0 method=java.util.HashMap.putVal(ILjava/lang/Object;Ljava/lang/Object;ZZ)Ljava/lang/Object; @ 253
Event: 2.582 Thread 0x0000000017fd2000 Uncommon trap: reason=bimorphic action=maybe_recompile pc=0x00000000032e2de0 method=java.util.HashMap.putVal(ILjava/lang/Object;Ljava/lang/Object;ZZ)Ljava/lang/Object; @ 253
Event: 2.582 Thread 0x0000000017fd2000 Uncommon trap: reason=bimorphic action=maybe_recompile pc=0x00000000032e2de0 method=java.util.HashMap.putVal(ILjava/lang/Object;Ljava/lang/Object;ZZ)Ljava/lang/Object; @ 253
Event: 2.582 Thread 0x0000000017fd2000 Uncommon trap: reason=bimorphic action=maybe_recompile pc=0x00000000032e2de0 method=java.util.HashMap.putVal(ILjava/lang/Object;Ljava/lang/Object;ZZ)Ljava/lang/Object; @ 253
Event: 2.582 Thread 0x0000000017fd2000 Uncommon trap: reason=bimorphic action=maybe_recompile pc=0x0000000003319c20 method=java.util.HashMap.putVal(ILjava/lang/Object;Ljava/lang/Object;ZZ)Ljava/lang/Object; @ 253
Event: 2.839 Thread 0x0000000017fd2000 Uncommon trap: reason=class_check action=maybe_recompile pc=0x0000000003342558 method=java.util.regex.Matcher.match(II)Z @ 86
Event: 2.839 Thread 0x0000000017fd2000 Uncommon trap: reason=class_check action=maybe_recompile pc=0x0000000003342558 method=java.util.regex.Matcher.match(II)Z @ 86
Event: 2.840 Thread 0x0000000017fd2000 Uncommon trap: reason=class_check action=maybe_recompile pc=0x0000000003342558 method=java.util.regex.Matcher.match(II)Z @ 86
Event: 2.840 Thread 0x0000000017fd2000 Uncommon trap: reason=class_check action=maybe_recompile pc=0x00000000031dae8c method=java.util.regex.Matcher.match(II)Z @ 86

Classes redefined (0 events):
No events

Internal exceptions (10 events):
Event: 0.803 Thread 0x0000000002f12800 Exception <a 'java/lang/ArrayIndexOutOfBoundsException'> (0x00000000f676ca38) thrown at [C:\ade\jenkins\workspace\8-2-build-windows-amd64-cygwin\jdk8u241\331\hotspot\src\share\vm\runtime\sharedRuntime.cpp, line 605]
Event: 0.803 Thread 0x0000000002f12800 Exception <a 'java/lang/ArrayIndexOutOfBoundsException'> (0x00000000f6770e38) thrown at [C:\ade\jenkins\workspace\8-2-build-windows-amd64-cygwin\jdk8u241\331\hotspot\src\share\vm\runtime\sharedRuntime.cpp, line 605]
Event: 0.803 Thread 0x0000000002f12800 Exception <a 'java/lang/ArrayIndexOutOfBoundsException'> (0x00000000f6772f60) thrown at [C:\ade\jenkins\workspace\8-2-build-windows-amd64-cygwin\jdk8u241\331\hotspot\src\share\vm\runtime\sharedRuntime.cpp, line 605]
Event: 0.834 Thread 0x0000000002f12800 Exception <a 'java/lang/ArrayIndexOutOfBoundsException'> (0x00000000f6a47be0) thrown at [C:\ade\jenkins\workspace\8-2-build-windows-amd64-cygwin\jdk8u241\331\hotspot\src\share\vm\runtime\sharedRuntime.cpp, line 605]
Event: 0.835 Thread 0x0000000002f12800 Exception <a 'java/lang/ArrayIndexOutOfBoundsException'> (0x00000000f6a54790) thrown at [C:\ade\jenkins\workspace\8-2-build-windows-amd64-cygwin\jdk8u241\331\hotspot\src\share\vm\runtime\sharedRuntime.cpp, line 605]
Event: 0.835 Thread 0x0000000002f12800 Exception <a 'java/lang/ArrayIndexOutOfBoundsException'> (0x00000000f6a564c0) thrown at [C:\ade\jenkins\workspace\8-2-build-windows-amd64-cygwin\jdk8u241\331\hotspot\src\share\vm\runtime\sharedRuntime.cpp, line 605]
Event: 0.836 Thread 0x0000000002f12800 Exception <a 'java/lang/ArrayIndexOutOfBoundsException'> (0x00000000f6a61d80) thrown at [C:\ade\jenkins\workspace\8-2-build-windows-amd64-cygwin\jdk8u241\331\hotspot\src\share\vm\runtime\sharedRuntime.cpp, line 605]
Event: 0.836 Thread 0x0000000002f12800 Exception <a 'java/lang/ArrayIndexOutOfBoundsException'> (0x00000000f6a6fce0) thrown at [C:\ade\jenkins\workspace\8-2-build-windows-amd64-cygwin\jdk8u241\331\hotspot\src\share\vm\runtime\sharedRuntime.cpp, line 605]
Event: 0.836 Thread 0x0000000002f12800 Exception <a 'java/lang/ArrayIndexOutOfBoundsException'> (0x00000000f6a72d88) thrown at [C:\ade\jenkins\workspace\8-2-build-windows-amd64-cygwin\jdk8u241\331\hotspot\src\share\vm\runtime\sharedRuntime.cpp, line 605]
Event: 2.502 Thread 0x0000000002f12800 Exception <a 'java/io/IOException'> (0x00000000f6fd0350) thrown at [C:\ade\jenkins\workspace\8-2-build-windows-amd64-cygwin\jdk8u241\331\hotspot\src\share\vm\prims\jni.cpp, line 710]

Events (10 events):
Event: 3.128 loading class org/gradle/api/internal/component/ArtifactType
Event: 3.128 loading class org/gradle/api/internal/component/ArtifactType done
Event: 3.128 loading class org/gradle/api/publish/maven/internal/MavenPublishServices$ComponentRegistrationAction
Event: 3.128 loading class org/gradle/api/publish/maven/internal/MavenPublishServices$ComponentRegistrationAction done
Event: 3.129 loading class org/gradle/api/publication/maven/internal/VersionRangeMapper
Event: 3.129 loading class org/gradle/api/publication/maven/internal/VersionRangeMapper done
Event: 3.129 loading class org/gradle/api/publication/maven/internal/MavenFactory
Event: 3.129 loading class org/gradle/api/publication/maven/internal/MavenFactory done
Event: 3.130 loading class org/gradle/api/publish/maven/internal/publisher/MavenPublishers
Event: 3.130 loading class org/gradle/api/publish/maven/internal/publisher/MavenPublishers done


Dynamic libraries:
0x00007ff66f9f0000 - 0x00007ff66fa27000 	C:\Program Files\Java\jdk1.8.0_241\bin\java.exe
0x00007ffa596e0000 - 0x00007ffa598d0000 	C:\WINDOWS\SYSTEM32\ntdll.dll
0x00007ffa58d60000 - 0x00007ffa58e12000 	C:\WINDOWS\System32\KERNEL32.DLL
0x00007ffa574e0000 - 0x00007ffa57785000 	C:\WINDOWS\System32\KERNELBASE.dll
0x00007ffa58520000 - 0x00007ffa585c3000 	C:\WINDOWS\System32\ADVAPI32.dll
0x00007ffa58e30000 - 0x00007ffa58ece000 	C:\WINDOWS\System32\msvcrt.dll
0x00007ffa59600000 - 0x00007ffa59697000 	C:\WINDOWS\System32\sechost.dll
0x00007ffa58a50000 - 0x00007ffa58b6f000 	C:\WINDOWS\System32\RPCRT4.dll
0x00007ffa58240000 - 0x00007ffa583d4000 	C:\WINDOWS\System32\USER32.dll
0x00007ffa568a0000 - 0x00007ffa568c1000 	C:\WINDOWS\System32\win32u.dll
0x00007ffa595d0000 - 0x00007ffa595f6000 	C:\WINDOWS\System32\GDI32.dll
0x00007ffa56980000 - 0x00007ffa56b18000 	C:\WINDOWS\System32\gdi32full.dll
0x00007ffa56800000 - 0x00007ffa5689e000 	C:\WINDOWS\System32\msvcp_win.dll
0x00007ffa56650000 - 0x00007ffa5674a000 	C:\WINDOWS\System32\ucrtbase.dll
0x00007ffa43ed0000 - 0x00007ffa44154000 	C:\WINDOWS\WinSxS\amd64_microsoft.windows.common-controls_6595b64144ccf1df_6.0.18362.1440_none_9e7dbfb9e45e8e67\COMCTL32.dll
0x00007ffa585d0000 - 0x00007ffa58906000 	C:\WINDOWS\System32\combase.dll
0x00007ffa568d0000 - 0x00007ffa56951000 	C:\WINDOWS\System32\bcryptPrimitives.dll
0x00007ffa57ac0000 - 0x00007ffa57aee000 	C:\WINDOWS\System32\IMM32.DLL
0x00000000756b0000 - 0x0000000075782000 	C:\Program Files\Java\jdk1.8.0_241\jre\bin\msvcr100.dll
0x0000000073a60000 - 0x000000007430c000 	C:\Program Files\Java\jdk1.8.0_241\jre\bin\server\jvm.dll
0x00007ffa58e20000 - 0x00007ffa58e28000 	C:\WINDOWS\System32\PSAPI.DLL
0x00007ffa55020000 - 0x00007ffa55029000 	C:\WINDOWS\SYSTEM32\WSOCK32.dll
0x00007ffa58bd0000 - 0x00007ffa58c3f000 	C:\WINDOWS\System32\WS2_32.dll
0x00007ffa4da20000 - 0x00007ffa4da44000 	C:\WINDOWS\SYSTEM32\WINMM.dll
0x00007ffa501f0000 - 0x00007ffa501fa000 	C:\WINDOWS\SYSTEM32\VERSION.dll
0x00007ffa4d9f0000 - 0x00007ffa4da1d000 	C:\WINDOWS\SYSTEM32\WINMMBASE.dll
0x00007ffa56bb0000 - 0x00007ffa56bfa000 	C:\WINDOWS\System32\cfgmgr32.dll
0x00007ffa51290000 - 0x00007ffa5129f000 	C:\Program Files\Java\jdk1.8.0_241\jre\bin\verify.dll
0x00007ffa4f890000 - 0x00007ffa4f8b9000 	C:\Program Files\Java\jdk1.8.0_241\jre\bin\java.dll
0x00007ffa4f840000 - 0x00007ffa4f856000 	C:\Program Files\Java\jdk1.8.0_241\jre\bin\zip.dll
0x00007ffa57b50000 - 0x00007ffa58238000 	C:\WINDOWS\System32\SHELL32.dll
0x00007ffa57940000 - 0x00007ffa579e7000 	C:\WINDOWS\System32\shcore.dll
0x00007ffa56d60000 - 0x00007ffa574db000 	C:\WINDOWS\System32\windows.storage.dll
0x00007ffa565c0000 - 0x00007ffa565de000 	C:\WINDOWS\System32\profapi.dll
0x00007ffa565e0000 - 0x00007ffa5662a000 	C:\WINDOWS\System32\powrprof.dll
0x00007ffa56590000 - 0x00007ffa565a0000 	C:\WINDOWS\System32\UMPDC.dll
0x00007ffa58b70000 - 0x00007ffa58bc2000 	C:\WINDOWS\System32\shlwapi.dll
0x00007ffa565a0000 - 0x00007ffa565b1000 	C:\WINDOWS\System32\kernel.appcore.dll
0x00007ffa56960000 - 0x00007ffa56977000 	C:\WINDOWS\System32\cryptsp.dll
0x00007ffa4d580000 - 0x00007ffa4d59a000 	C:\Program Files\Java\jdk1.8.0_241\jre\bin\net.dll
0x00007ffa55dd0000 - 0x00007ffa55e37000 	C:\WINDOWS\system32\mswsock.dll
0x00007ffa4c3d0000 - 0x00007ffa4c3e2000 	C:\Program Files\Java\jdk1.8.0_241\jre\bin\nio.dll
0x00007ffa4c3a0000 - 0x00007ffa4c3ca000 	C:\Users\aurel\.gradle\native\36\windows-amd64\native-platform.dll
0x00007ffa527a0000 - 0x00007ffa527ad000 	C:\Program Files\Java\jdk1.8.0_241\jre\bin\management.dll
0x00007ffa55950000 - 0x00007ffa55983000 	C:\WINDOWS\system32\rsaenh.dll
0x00007ffa56b80000 - 0x00007ffa56ba6000 	C:\WINDOWS\System32\bcrypt.dll
0x00007ffa564b0000 - 0x00007ffa564d5000 	C:\WINDOWS\SYSTEM32\USERENV.dll
0x00007ffa55fa0000 - 0x00007ffa55fac000 	C:\WINDOWS\SYSTEM32\CRYPTBASE.dll
0x00007ffa55ae0000 - 0x00007ffa55b1a000 	C:\WINDOWS\SYSTEM32\IPHLPAPI.DLL
0x00007ffa58ed0000 - 0x00007ffa58ed8000 	C:\WINDOWS\System32\NSI.dll
0x00007ffa4e5a0000 - 0x00007ffa4e5b6000 	C:\WINDOWS\SYSTEM32\dhcpcsvc6.DLL
0x00007ffa4ea20000 - 0x00007ffa4ea3c000 	C:\WINDOWS\SYSTEM32\dhcpcsvc.DLL
0x00007ffa55b20000 - 0x00007ffa55beb000 	C:\WINDOWS\SYSTEM32\DNSAPI.dll

VM Arguments:
jvm_args: -XX:MaxMetaspaceSize=256m -XX:+HeapDumpOnOutOfMemoryError -Xms256m -Xmx512m -Dfile.encoding=windows-1252 -Duser.country=US -Duser.language=en -Duser.variant 
java_command: org.gradle.launcher.daemon.bootstrap.GradleDaemon 6.2
java_class_path (initial): C:\Users\aurel\.gradle\wrapper\dists\gradle-6.2-all\dvufqs6kielxeao781pmk5huj\gradle-6.2\lib\gradle-launcher-6.2.jar
Launcher Type: SUN_STANDARD

Environment Variables:
JAVA_HOME=C:\Program Files\Java\jdk1.8.0_241
CLASSPATH=D:\Training\ReactNative\jogja\android\\gradle\wrapper\gradle-wrapper.jar
PATH=D:\Training\ReactNative\jogja\android\node_modules\.bin;D:\Training\ReactNative\jogja\node_modules\.bin;D:\Training\ReactNative\node_modules\.bin;D:\Training\node_modules\.bin;D:\node_modules\.bin;C:\Program Files\nodejs;C:\Program Files (x86)\Common Files\Oracle\Java\javapath;C:\oraclexe\app\oracle\product\10.2.0\server\bin;C:\WINDOWS\system32;C:\WINDOWS;C:\WINDOWS\System32\Wbem;C:\WINDOWS\System32\WindowsPowerShell\v1.0\;C:\WINDOWS\System32\OpenSSH\;C:\Go\bin;C:\Program Files\Common Files\Autodesk Shared\;C:\Program Files\Microsoft SQL Server\120\Tools\Binn\;C:\Program Files (x86)\Yarn\bin\;C:\Users\aurel\AppData\Local\Programs\Python\Python37;C:\Program Files\nodejs\;C:\Program Files\MySQL\MySQL Shell 8.0\bin\;C:\Program Files\Git\cmd;C:\Users\aurel\AppData\Local\Microsoft\WindowsApps;C:\Users\aurel\AppData\Local\Programs\Microsoft VS Code\bin;C:\src\flutter\bin;C:\sdk\tools;C:\sdk\platform-tools;C:\Users\aurel\go\bin;C:\Users\aurel\AppData\Local\Programs\Python\Python37\Scripts;C:\Users\aurel\AppData\Roaming\npm;C:\Users\aurel\AppData\Local\Yarn\bin;C:\PHP7;C:\Program Files\heroku\bin;C:\texlive\2020\bin\win32
USERNAME=aurel
OS=Windows_NT
PROCESSOR_IDENTIFIER=Intel64 Family 6 Model 142 Stepping 9, GenuineIntel



---------------  S Y S T E M  ---------------

OS: Windows 10.0 , 64 bit Build 18362 (10.0.18362.1350)

CPU:total 4 (initial active 4) (2 cores per cpu, 2 threads per core) family 6 model 142 stepping 9, cmov, cx8, fxsr, mmx, sse, sse2, sse3, ssse3, sse4.1, sse4.2, popcnt, avx, avx2, aes, clmul, erms, 3dnowpref, lzcnt, ht, tsc, tscinvbit, bmi1, bmi2, adx

Memory: 4k page, physical 12460576k(3454392k free), swap 50209312k(5916k free)

vm_info: Java HotSpot(TM) 64-Bit Server VM (25.241-b07) for windows-amd64 JRE (1.8.0_241-b07), built on Dec 11 2019 10:21:40 by "rejava" with MS VC++ 10.0 (VS2010)

time: Sat Mar 27 14:26:17 2021
timezone: SE Asia Standard Time
elapsed time: 3 seconds (0d 0h 0m 3s)

