#
# There is insufficient memory for the Java Runtime Environment to continue.
# Native memory allocation (malloc) failed to allocate 65552 bytes for Chunk::new
# Possible reasons:
#   The system is out of physical RAM or swap space
#   The process is running with CompressedOops enabled, and the Java Heap may be blocking the growth of the native heap
# Possible solutions:
#   Reduce memory load on the system
#   Increase physical memory or swap space
#   Check if swap backing store is full
#   Decrease Java heap size (-Xmx/-Xms)
#   Decrease number of Java threads
#   Decrease Java thread stack sizes (-Xss)
#   Set larger code cache with -XX:ReservedCodeCacheSize=
#   JVM is running with Unscaled Compressed Oops mode in which the Java heap is
#     placed in the first 4GB address space. The Java Heap base address is the
#     maximum limit for the native heap growth. Please use -XX:HeapBaseMinAddress
#     to set the Java Heap base and to place the Java Heap above 4GB virtual address.
# This output file may be truncated or incomplete.
#
#  Out of Memory Error (allocation.cpp:389), pid=10976, tid=0x0000000000001664
#
# JRE version: Java(TM) SE Runtime Environment (8.0_241-b07) (build 1.8.0_241-b07)
# Java VM: Java HotSpot(TM) 64-Bit Server VM (25.241-b07 mixed mode windows-amd64 compressed oops)
# Failed to write core dump. Minidumps are not enabled by default on client versions of Windows
#

---------------  T H R E A D  ---------------

Current thread (0x000000001455c000):  JavaThread "C2 CompilerThread1" daemon [_thread_in_native, id=5732, stack(0x0000000015ca0000,0x0000000015da0000)]

Stack: [0x0000000015ca0000,0x0000000015da0000]
[error occurred during error reporting (printing stack bounds), id 0xc0000005]

Native frames: (J=compiled Java code, j=interpreted, Vv=VM code, C=native code)


Current CompileTask:
C2:  14569 3711       4       java.net.URLClassLoader$1::run (5 bytes)


---------------  P R O C E S S  ---------------

Java Threads: ( => current thread )
  0x000000001b1b8000 JavaThread "Build operations Thread 4" [_thread_blocked, id=3332, stack(0x000000001eeb0000,0x000000001efb0000)]
  0x000000001b1b3800 JavaThread "Build operations Thread 3" [_thread_blocked, id=7776, stack(0x000000001edb0000,0x000000001eeb0000)]
  0x000000001b1b7800 JavaThread "Build operations Thread 2" [_thread_blocked, id=3664, stack(0x000000001ecb0000,0x000000001edb0000)]
  0x000000001b1b3000 JavaThread "Build operations" [_thread_blocked, id=888, stack(0x000000001e390000,0x000000001e490000)]
  0x000000001807f000 JavaThread "Cache worker for execution history cache (C:\Users\aurel\.gradle\caches\6.2\executionHistory)" [_thread_blocked, id=11304, stack(0x000000001de90000,0x000000001df90000)]
  0x000000001807d800 JavaThread "Cache worker for cache directory md-rule (C:\Users\aurel\.gradle\caches\6.2\md-rule)" [_thread_blocked, id=15296, stack(0x000000001c960000,0x000000001ca60000)]
  0x000000001807b000 JavaThread "Cache worker for cache directory md-supplier (C:\Users\aurel\.gradle\caches\6.2\md-supplier)" [_thread_blocked, id=10388, stack(0x000000001c860000,0x000000001c960000)]
  0x000000001807e000 JavaThread "Cache worker for file hash cache (D:\Training\ReactNative\jogja\android\.gradle\6.2\fileHashes)" [_thread_blocked, id=14780, stack(0x000000001db90000,0x000000001dc90000)]
  0x000000001807c000 JavaThread "Cache worker for checksums cache (D:\Training\ReactNative\jogja\android\.gradle\checksums)" [_thread_blocked, id=840, stack(0x000000001da90000,0x000000001db90000)]
  0x0000000018079800 JavaThread "Cache worker for file hash cache (C:\Users\aurel\.gradle\caches\6.2\fileHashes)" [_thread_blocked, id=12652, stack(0x000000001a2c0000,0x000000001a3c0000)]
  0x0000000018078000 JavaThread "File lock request listener" [_thread_in_native, id=3420, stack(0x000000001a1c0000,0x000000001a2c0000)]
  0x0000000018079000 JavaThread "Cache worker for journal cache (C:\Users\aurel\.gradle\caches\journal-1)" [_thread_blocked, id=15232, stack(0x000000001a0c0000,0x000000001a1c0000)]
  0x0000000017fbe000 JavaThread "Thread-9" [_thread_blocked, id=772, stack(0x0000000019dc0000,0x0000000019ec0000)]
  0x0000000017fbb000 JavaThread "Stdin handler" [_thread_blocked, id=11184, stack(0x0000000019cc0000,0x0000000019dc0000)]
  0x0000000017fba800 JavaThread "Asynchronous log dispatcher for DefaultDaemonConnection: socket connection from /127.0.0.1:49753 to /127.0.0.1:49754" [_thread_blocked, id=8748, stack(0x0000000019bc0000,0x0000000019cc0000)]
  0x0000000017ff3800 JavaThread "Daemon worker" [_thread_in_native, id=15816, stack(0x00000000198c0000,0x00000000199c0000)]
  0x0000000017fff800 JavaThread "Cancel handler" [_thread_blocked, id=14792, stack(0x00000000197c0000,0x00000000198c0000)]
  0x0000000017fea000 JavaThread "Handler for socket connection from /127.0.0.1:49753 to /127.0.0.1:49754" [_thread_in_native, id=5952, stack(0x00000000196c0000,0x00000000197c0000)]
  0x0000000017fac000 JavaThread "Daemon" [_thread_blocked, id=15100, stack(0x00000000195c0000,0x00000000196c0000)]
  0x0000000017f56800 JavaThread "Daemon periodic checks" [_thread_blocked, id=11992, stack(0x00000000194c0000,0x00000000195c0000)]
  0x0000000017f55000 JavaThread "Incoming local TCP Connector on port 49753" [_thread_in_native, id=5232, stack(0x0000000019280000,0x0000000019380000)]
  0x0000000017eb2800 JavaThread "Daemon health stats" [_thread_blocked, id=15392, stack(0x0000000018c40000,0x0000000018d40000)]
  0x00000000145ae800 JavaThread "Service Thread" daemon [_thread_blocked, id=13328, stack(0x00000000162a0000,0x00000000163a0000)]
  0x00000000145ac800 JavaThread "C1 CompilerThread2" daemon [_thread_blocked, id=5528, stack(0x00000000161a0000,0x00000000162a0000)]
=>0x000000001455c000 JavaThread "C2 CompilerThread1" daemon [_thread_in_native, id=5732, stack(0x0000000015ca0000,0x0000000015da0000)]
  0x0000000014558000 JavaThread "C2 CompilerThread0" daemon [_thread_in_native, id=2988, stack(0x0000000015ba0000,0x0000000015ca0000)]
  0x0000000014556000 JavaThread "Attach Listener" daemon [_thread_blocked, id=11092, stack(0x0000000015aa0000,0x0000000015ba0000)]
  0x000000000312e800 JavaThread "Signal Dispatcher" daemon [_thread_blocked, id=10948, stack(0x00000000159a0000,0x0000000015aa0000)]
  0x0000000003125800 JavaThread "Finalizer" daemon [_thread_blocked, id=11284, stack(0x00000000157a0000,0x00000000158a0000)]
  0x0000000014539800 JavaThread "Reference Handler" daemon [_thread_blocked, id=12920, stack(0x00000000156a0000,0x00000000157a0000)]
  0x0000000003032800 JavaThread "main" [_thread_blocked, id=12040, stack(0x0000000002e60000,0x0000000002f60000)]

Other Threads:
  0x0000000014517800 VMThread [stack: 0x00000000155a0000,0x00000000156a0000] [id=13200]
  0x0000000015ddd000 WatcherThread [stack: 0x00000000163a0000,0x00000000164a0000] [id=3932]

VM state:not at safepoint (normal execution)

VM Mutex/Monitor currently owned by a thread: None

heap address: 0x00000000e0000000, size: 512 MB, Compressed Oops mode: 32-bit
Narrow klass base: 0x0000000000000000, Narrow klass shift: 3
Compressed class space size: 1073741824 Address: 0x0000000100000000

Heap:
 PSYoungGen      total 127488K, used 51119K [0x00000000f5580000, 0x0000000100000000, 0x0000000100000000)
  eden space 114688K, 44% used [0x00000000f5580000,0x00000000f876bdb8,0x00000000fc580000)
  from space 12800K, 0% used [0x00000000fc580000,0x00000000fc580000,0x00000000fd200000)
  to   space 13312K, 0% used [0x00000000ff300000,0x00000000ff300000,0x0000000100000000)
 ParOldGen       total 175104K, used 16825K [0x00000000e0000000, 0x00000000eab00000, 0x00000000f5580000)
  object space 175104K, 9% used [0x00000000e0000000,0x00000000e106e7f8,0x00000000eab00000)
 Metaspace       used 36467K, capacity 37892K, committed 38016K, reserved 1081344K
  class space    used 5111K, capacity 5482K, committed 5504K, reserved 1048576K

Card table byte_map: [0x00000000124f0000,0x0000000012600000] byte_map_base: 0x0000000011df0000

Marking Bits: (ParMarkBitMap*) 0x000000007428be30
 Begin Bits: [0x0000000012ab0000, 0x00000000132b0000)
 End Bits:   [0x00000000132b0000, 0x0000000013ab0000)

Polling page: 0x0000000002f60000

CodeCache: size=245760Kb used=11833Kb max_used=12006Kb free=233926Kb
 bounds [0x0000000003130000, 0x0000000003cf0000, 0x0000000012130000]
 total_blobs=4111 nmethods=3390 adapters=632
 compilation: enabled

Compilation events (10 events):
Event: 14.548 Thread 0x00000000145ac800 nmethod 3710 0x00000000036dfd90 code [0x00000000036dfee0, 0x00000000036dfff0]
Event: 14.556 Thread 0x000000001455c000 3711       4       java.net.URLClassLoader$1::run (5 bytes)
Event: 14.567 Thread 0x00000000145ac800 3712   !   3       org.gradle.internal.classloader.CachingClassLoader::loadClass (85 bytes)
Event: 14.567 Thread 0x00000000145ac800 nmethod 3712 0x00000000036dd890 code [0x00000000036dda60, 0x00000000036de1a8]
Event: 14.567 Thread 0x00000000145ac800 3713       3       com.google.common.collect.MapMakerInternalMap::get (23 bytes)
Event: 14.568 Thread 0x00000000145ac800 nmethod 3713 0x00000000036e13d0 code [0x00000000036e1580, 0x00000000036e1b28]
Event: 14.568 Thread 0x00000000145ac800 3714       3       com.google.common.collect.MapMakerInternalMap$Segment::getLiveEntry (7 bytes)
Event: 14.568 Thread 0x00000000145ac800 nmethod 3714 0x00000000036e0f90 code [0x00000000036e1100, 0x00000000036e1308]
Event: 14.568 Thread 0x00000000145ac800 3715       3       com.google.common.collect.MapMakerInternalMap$Segment::postReadCleanup (18 bytes)
Event: 14.568 Thread 0x00000000145ac800 nmethod 3715 0x00000000036e08d0 code [0x00000000036e0a40, 0x00000000036e0e48]

GC Heap History (10 events):
Event: 5.287 GC heap before
{Heap before GC invocations=5 (full 1):
 PSYoungGen      total 76288K, used 6916K [0x00000000f5580000, 0x00000000fea80000, 0x0000000100000000)
  eden space 65536K, 0% used [0x00000000f5580000,0x00000000f5580000,0x00000000f9580000)
  from space 10752K, 64% used [0x00000000fa000000,0x00000000fa6c1050,0x00000000faa80000)
  to   space 10752K, 0% used [0x00000000f9580000,0x00000000f9580000,0x00000000fa000000)
 ParOldGen       total 175104K, used 648K [0x00000000e0000000, 0x00000000eab00000, 0x00000000f5580000)
  object space 175104K, 0% used [0x00000000e0000000,0x00000000e00a2370,0x00000000eab00000)
 Metaspace       used 20684K, capacity 21246K, committed 21296K, reserved 1067008K
  class space    used 2981K, capacity 3159K, committed 3200K, reserved 1048576K
Event: 5.335 GC heap after
Heap after GC invocations=5 (full 1):
 PSYoungGen      total 76288K, used 0K [0x00000000f5580000, 0x00000000fea80000, 0x0000000100000000)
  eden space 65536K, 0% used [0x00000000f5580000,0x00000000f5580000,0x00000000f9580000)
  from space 10752K, 0% used [0x00000000fa000000,0x00000000fa000000,0x00000000faa80000)
  to   space 10752K, 0% used [0x00000000f9580000,0x00000000f9580000,0x00000000fa000000)
 ParOldGen       total 175104K, used 6782K [0x00000000e0000000, 0x00000000eab00000, 0x00000000f5580000)
  object space 175104K, 3% used [0x00000000e0000000,0x00000000e069f820,0x00000000eab00000)
 Metaspace       used 20684K, capacity 21246K, committed 21296K, reserved 1067008K
  class space    used 2981K, capacity 3159K, committed 3200K, reserved 1048576K
}
Event: 7.094 GC heap before
{Heap before GC invocations=6 (full 1):
 PSYoungGen      total 76288K, used 65536K [0x00000000f5580000, 0x00000000fea80000, 0x0000000100000000)
  eden space 65536K, 100% used [0x00000000f5580000,0x00000000f9580000,0x00000000f9580000)
  from space 10752K, 0% used [0x00000000fa000000,0x00000000fa000000,0x00000000faa80000)
  to   space 10752K, 0% used [0x00000000f9580000,0x00000000f9580000,0x00000000fa000000)
 ParOldGen       total 175104K, used 6782K [0x00000000e0000000, 0x00000000eab00000, 0x00000000f5580000)
  object space 175104K, 3% used [0x00000000e0000000,0x00000000e069f820,0x00000000eab00000)
 Metaspace       used 29272K, capacity 29910K, committed 30080K, reserved 1075200K
  class space    used 4017K, capacity 4197K, committed 4224K, reserved 1048576K
Event: 7.113 GC heap after
Heap after GC invocations=6 (full 1):
 PSYoungGen      total 76288K, used 8473K [0x00000000f5580000, 0x00000000fe000000, 0x0000000100000000)
  eden space 65536K, 0% used [0x00000000f5580000,0x00000000f5580000,0x00000000f9580000)
  from space 10752K, 78% used [0x00000000f9580000,0x00000000f9dc6640,0x00000000fa000000)
  to   space 12288K, 0% used [0x00000000fd400000,0x00000000fd400000,0x00000000fe000000)
 ParOldGen       total 175104K, used 6790K [0x00000000e0000000, 0x00000000eab00000, 0x00000000f5580000)
  object space 175104K, 3% used [0x00000000e0000000,0x00000000e06a1820,0x00000000eab00000)
 Metaspace       used 29272K, capacity 29910K, committed 30080K, reserved 1075200K
  class space    used 4017K, capacity 4197K, committed 4224K, reserved 1048576K
}
Event: 12.618 GC heap before
{Heap before GC invocations=7 (full 1):
 PSYoungGen      total 76288K, used 74009K [0x00000000f5580000, 0x00000000fe000000, 0x0000000100000000)
  eden space 65536K, 100% used [0x00000000f5580000,0x00000000f9580000,0x00000000f9580000)
  from space 10752K, 78% used [0x00000000f9580000,0x00000000f9dc6640,0x00000000fa000000)
  to   space 12288K, 0% used [0x00000000fd400000,0x00000000fd400000,0x00000000fe000000)
 ParOldGen       total 175104K, used 6790K [0x00000000e0000000, 0x00000000eab00000, 0x00000000f5580000)
  object space 175104K, 3% used [0x00000000e0000000,0x00000000e06a1820,0x00000000eab00000)
 Metaspace       used 32154K, capacity 33056K, committed 33152K, reserved 1077248K
  class space    used 4494K, capacity 4719K, committed 4736K, reserved 1048576K
Event: 12.630 GC heap after
Heap after GC invocations=7 (full 1):
 PSYoungGen      total 124928K, used 10272K [0x00000000f5580000, 0x00000000fde80000, 0x0000000100000000)
  eden space 114176K, 0% used [0x00000000f5580000,0x00000000f5580000,0x00000000fc500000)
  from space 10752K, 95% used [0x00000000fd400000,0x00000000fde08090,0x00000000fde80000)
  to   space 12800K, 0% used [0x00000000fc580000,0x00000000fc580000,0x00000000fd200000)
 ParOldGen       total 175104K, used 6798K [0x00000000e0000000, 0x00000000eab00000, 0x00000000f5580000)
  object space 175104K, 3% used [0x00000000e0000000,0x00000000e06a3820,0x00000000eab00000)
 Metaspace       used 32154K, capacity 33056K, committed 33152K, reserved 1077248K
  class space    used 4494K, capacity 4719K, committed 4736K, reserved 1048576K
}
Event: 13.282 GC heap before
{Heap before GC invocations=8 (full 1):
 PSYoungGen      total 124928K, used 50242K [0x00000000f5580000, 0x00000000fde80000, 0x0000000100000000)
  eden space 114176K, 35% used [0x00000000f5580000,0x00000000f7c88ae8,0x00000000fc500000)
  from space 10752K, 95% used [0x00000000fd400000,0x00000000fde08090,0x00000000fde80000)
  to   space 12800K, 0% used [0x00000000fc580000,0x00000000fc580000,0x00000000fd200000)
 ParOldGen       total 175104K, used 6798K [0x00000000e0000000, 0x00000000eab00000, 0x00000000f5580000)
  object space 175104K, 3% used [0x00000000e0000000,0x00000000e06a3820,0x00000000eab00000)
 Metaspace       used 34303K, capacity 35300K, committed 35456K, reserved 1079296K
  class space    used 4827K, capacity 5131K, committed 5248K, reserved 1048576K
Event: 13.312 GC heap after
Heap after GC invocations=8 (full 1):
 PSYoungGen      total 127488K, used 10541K [0x00000000f5580000, 0x0000000100000000, 0x0000000100000000)
  eden space 114688K, 0% used [0x00000000f5580000,0x00000000f5580000,0x00000000fc580000)
  from space 12800K, 82% used [0x00000000fc580000,0x00000000fcfcb4d0,0x00000000fd200000)
  to   space 13312K, 0% used [0x00000000ff300000,0x00000000ff300000,0x0000000100000000)
 ParOldGen       total 175104K, used 6806K [0x00000000e0000000, 0x00000000eab00000, 0x00000000f5580000)
  object space 175104K, 3% used [0x00000000e0000000,0x00000000e06a5820,0x00000000eab00000)
 Metaspace       used 34303K, capacity 35300K, committed 35456K, reserved 1079296K
  class space    used 4827K, capacity 5131K, committed 5248K, reserved 1048576K
}
Event: 13.312 GC heap before
{Heap before GC invocations=9 (full 2):
 PSYoungGen      total 127488K, used 10541K [0x00000000f5580000, 0x0000000100000000, 0x0000000100000000)
  eden space 114688K, 0% used [0x00000000f5580000,0x00000000f5580000,0x00000000fc580000)
  from space 12800K, 82% used [0x00000000fc580000,0x00000000fcfcb4d0,0x00000000fd200000)
  to   space 13312K, 0% used [0x00000000ff300000,0x00000000ff300000,0x0000000100000000)
 ParOldGen       total 175104K, used 6806K [0x00000000e0000000, 0x00000000eab00000, 0x00000000f5580000)
  object space 175104K, 3% used [0x00000000e0000000,0x00000000e06a5820,0x00000000eab00000)
 Metaspace       used 34303K, capacity 35300K, committed 35456K, reserved 1079296K
  class space    used 4827K, capacity 5131K, committed 5248K, reserved 1048576K
Event: 13.394 GC heap after
Heap after GC invocations=9 (full 2):
 PSYoungGen      total 127488K, used 0K [0x00000000f5580000, 0x0000000100000000, 0x0000000100000000)
  eden space 114688K, 0% used [0x00000000f5580000,0x00000000f5580000,0x00000000fc580000)
  from space 12800K, 0% used [0x00000000fc580000,0x00000000fc580000,0x00000000fd200000)
  to   space 13312K, 0% used [0x00000000ff300000,0x00000000ff300000,0x0000000100000000)
 ParOldGen       total 175104K, used 16825K [0x00000000e0000000, 0x00000000eab00000, 0x00000000f5580000)
  object space 175104K, 9% used [0x00000000e0000000,0x00000000e106e7f8,0x00000000eab00000)
 Metaspace       used 34303K, capacity 35300K, committed 35456K, reserved 1079296K
  class space    used 4827K, capacity 5131K, committed 5248K, reserved 1048576K
}

Deoptimization events (10 events):
Event: 13.998 Thread 0x000000001b1b3800 Uncommon trap: reason=unstable_if action=reinterpret pc=0x0000000003545f08 method=java.util.concurrent.ConcurrentHashMap.putVal(Ljava/lang/Object;Ljava/lang/Object;Z)Ljava/lang/Object; @ 113
Event: 14.025 Thread 0x000000001b1b7800 Uncommon trap: reason=unstable_if action=reinterpret pc=0x00000000035f1d90 method=java.util.concurrent.ConcurrentHashMap.transfer([Ljava/util/concurrent/ConcurrentHashMap$Node;[Ljava/util/concurrent/ConcurrentHashMap$Node;)V @ 34
Event: 14.028 Thread 0x000000001b1b3000 Uncommon trap: reason=unstable_if action=reinterpret pc=0x00000000035f1dc0 method=java.util.concurrent.ConcurrentHashMap.transfer([Ljava/util/concurrent/ConcurrentHashMap$Node;[Ljava/util/concurrent/ConcurrentHashMap$Node;)V @ 277
Event: 14.028 Thread 0x000000001b1b8000 Uncommon trap: reason=unstable_if action=reinterpret pc=0x0000000003b90a08 method=java.util.concurrent.ConcurrentHashMap.get(Ljava/lang/Object;)Ljava/lang/Object; @ 86
Event: 14.247 Thread 0x0000000017ff3800 Uncommon trap: reason=unstable_if action=reinterpret pc=0x000000000349808c method=java.util.jar.JarFile.match([C[B[I[I)Z @ 29
Event: 14.483 Thread 0x0000000017ff3800 Uncommon trap: reason=bimorphic action=maybe_recompile pc=0x0000000003a44bf8 method=java.lang.ClassLoader.getPackage(Ljava/lang/String;)Ljava/lang/Package; @ 47
Event: 14.487 Thread 0x0000000017ff3800 Uncommon trap: reason=bimorphic action=maybe_recompile pc=0x0000000003a44bf8 method=java.lang.ClassLoader.getPackage(Ljava/lang/String;)Ljava/lang/Package; @ 47
Event: 14.490 Thread 0x0000000017ff3800 Uncommon trap: reason=bimorphic action=maybe_recompile pc=0x0000000003a44bf8 method=java.lang.ClassLoader.getPackage(Ljava/lang/String;)Ljava/lang/Package; @ 47
Event: 14.492 Thread 0x0000000017ff3800 Uncommon trap: reason=bimorphic action=maybe_recompile pc=0x0000000003a44bf8 method=java.lang.ClassLoader.getPackage(Ljava/lang/String;)Ljava/lang/Package; @ 47
Event: 14.496 Thread 0x0000000017ff3800 Uncommon trap: reason=bimorphic action=maybe_recompile pc=0x00000000039fe688 method=java.lang.ClassLoader.getPackage(Ljava/lang/String;)Ljava/lang/Package; @ 47

Classes redefined (0 events):
No events

Internal exceptions (10 events):
Event: 14.314 Thread 0x0000000017ff3800 Exception <a 'java/lang/ClassNotFoundException': org/gradle/api/internal/artifacts/repositories/AbstractAuthenticationSupportedRepositoryBeanInfo> (0x00000000f7e70d40) thrown at [C:\ade\jenkins\workspace\8-2-build-windows-amd64-cygwin\jdk8u241\331\hotspot
Event: 14.315 Thread 0x0000000017ff3800 Exception <a 'java/lang/ClassNotFoundException': org/gradle/api/internal/artifacts/repositories/AbstractResolutionAwareArtifactRepositoryBeanInfo> (0x00000000f7ee9498) thrown at [C:\ade\jenkins\workspace\8-2-build-windows-amd64-cygwin\jdk8u241\331\hotspot
Event: 14.316 Thread 0x0000000017ff3800 Exception <a 'java/lang/ClassNotFoundException': org/gradle/api/internal/artifacts/repositories/AbstractArtifactRepositoryBeanInfo> (0x00000000f7f52f20) thrown at [C:\ade\jenkins\workspace\8-2-build-windows-amd64-cygwin\jdk8u241\331\hotspot\src\share\vm\c
Event: 14.317 Thread 0x0000000017ff3800 Exception <a 'java/lang/ClassNotFoundException': org/gradle/api/internal/artifacts/repositories/AbstractArtifactRepositoryCustomizer> (0x00000000f7fc0350) thrown at [C:\ade\jenkins\workspace\8-2-build-windows-amd64-cygwin\jdk8u241\331\hotspot\src\share\vm
Event: 14.320 Thread 0x0000000017ff3800 Exception <a 'java/lang/ClassNotFoundException': org/gradle/api/internal/artifacts/repositories/AbstractResolutionAwareArtifactRepositoryCustomizer> (0x00000000f805c338) thrown at [C:\ade\jenkins\workspace\8-2-build-windows-amd64-cygwin\jdk8u241\331\hotsp
Event: 14.322 Thread 0x0000000017ff3800 Exception <a 'java/lang/ClassNotFoundException': org/gradle/api/internal/artifacts/repositories/AbstractAuthenticationSupportedRepositoryCustomizer> (0x00000000f80df1b8) thrown at [C:\ade\jenkins\workspace\8-2-build-windows-amd64-cygwin\jdk8u241\331\hotsp
Event: 14.324 Thread 0x0000000017ff3800 Exception <a 'java/lang/ClassNotFoundException': org/gradle/api/internal/artifacts/repositories/DefaultMavenArtifactRepositoryCustomizer> (0x00000000f8164610) thrown at [C:\ade\jenkins\workspace\8-2-build-windows-amd64-cygwin\jdk8u241\331\hotspot\src\shar
Event: 14.341 Thread 0x0000000017ff3800 Exception <a 'java/lang/ClassNotFoundException': org/gradle/api/internal/artifacts/repositories/DefaultMavenArtifactRepository_DecoratedCustomizer> (0x00000000f81fac30) thrown at [C:\ade\jenkins\workspace\8-2-build-windows-amd64-cygwin\jdk8u241\331\hotspo
Event: 14.474 Thread 0x0000000017ff3800 Exception <a 'java/lang/ClassNotFoundException': build_dfkhtc5w13yqlmh9vyz6s6rokBeanInfo> (0x00000000f83ddb78) thrown at [C:\ade\jenkins\workspace\8-2-build-windows-amd64-cygwin\jdk8u241\331\hotspot\src\share\vm\classfile\systemDictionary.cpp, line 210]
Event: 14.474 Thread 0x0000000017ff3800 Exception <a 'java/lang/ClassNotFoundException': build_dfkhtc5w13yqlmh9vyz6s6rokCustomizer> (0x00000000f83eae38) thrown at [C:\ade\jenkins\workspace\8-2-build-windows-amd64-cygwin\jdk8u241\331\hotspot\src\share\vm\classfile\systemDictionary.cpp, line 210]

Events (10 events):
Event: 14.555 loading class com/android/build/gradle/BaseExtension
Event: 14.555 loading class com/android/build/gradle/BaseExtension done
Event: 14.556 loading class org/gradle/api/Task
Event: 14.556 loading class org/gradle/api/Task done
Event: 14.563 loading class com/android/build/gradle/internal/dsl/BuildType
Event: 14.564 loading class com/android/build/gradle/internal/dsl/BuildType done
Event: 14.566 loading class com/android/builder/core/DefaultBuildType
Event: 14.566 loading class com/android/builder/core/DefaultBuildType done
Event: 14.568 loading class com/android/builder/internal/BaseConfigImpl
Event: 14.568 loading class com/android/builder/internal/BaseConfigImpl done


Dynamic libraries:
0x00007ff66f9f0000 - 0x00007ff66fa27000 	C:\Program Files\Java\jdk1.8.0_241\bin\java.exe
0x00007ffa596e0000 - 0x00007ffa598d0000 	C:\WINDOWS\SYSTEM32\ntdll.dll
0x00007ffa58d60000 - 0x00007ffa58e12000 	C:\WINDOWS\System32\KERNEL32.DLL
0x00007ffa574e0000 - 0x00007ffa57785000 	C:\WINDOWS\System32\KERNELBASE.dll
0x00007ffa58520000 - 0x00007ffa585c3000 	C:\WINDOWS\System32\ADVAPI32.dll
0x00007ffa58e30000 - 0x00007ffa58ece000 	C:\WINDOWS\System32\msvcrt.dll
0x00007ffa59600000 - 0x00007ffa59697000 	C:\WINDOWS\System32\sechost.dll
0x00007ffa58a50000 - 0x00007ffa58b6f000 	C:\WINDOWS\System32\RPCRT4.dll
0x00007ffa58240000 - 0x00007ffa583d4000 	C:\WINDOWS\System32\USER32.dll
0x00007ffa568a0000 - 0x00007ffa568c1000 	C:\WINDOWS\System32\win32u.dll
0x00007ffa595d0000 - 0x00007ffa595f6000 	C:\WINDOWS\System32\GDI32.dll
0x00007ffa56980000 - 0x00007ffa56b18000 	C:\WINDOWS\System32\gdi32full.dll
0x00007ffa56800000 - 0x00007ffa5689e000 	C:\WINDOWS\System32\msvcp_win.dll
0x00007ffa56650000 - 0x00007ffa5674a000 	C:\WINDOWS\System32\ucrtbase.dll
0x00007ffa43ed0000 - 0x00007ffa44154000 	C:\WINDOWS\WinSxS\amd64_microsoft.windows.common-controls_6595b64144ccf1df_6.0.18362.1440_none_9e7dbfb9e45e8e67\COMCTL32.dll
0x00007ffa585d0000 - 0x00007ffa58906000 	C:\WINDOWS\System32\combase.dll
0x00007ffa568d0000 - 0x00007ffa56951000 	C:\WINDOWS\System32\bcryptPrimitives.dll
0x00007ffa57ac0000 - 0x00007ffa57aee000 	C:\WINDOWS\System32\IMM32.DLL
0x00000000756b0000 - 0x0000000075782000 	C:\Program Files\Java\jdk1.8.0_241\jre\bin\msvcr100.dll
0x0000000073a60000 - 0x000000007430c000 	C:\Program Files\Java\jdk1.8.0_241\jre\bin\server\jvm.dll
0x00007ffa58e20000 - 0x00007ffa58e28000 	C:\WINDOWS\System32\PSAPI.DLL
0x00007ffa55020000 - 0x00007ffa55029000 	C:\WINDOWS\SYSTEM32\WSOCK32.dll
0x00007ffa58bd0000 - 0x00007ffa58c3f000 	C:\WINDOWS\System32\WS2_32.dll
0x00007ffa4da20000 - 0x00007ffa4da44000 	C:\WINDOWS\SYSTEM32\WINMM.dll
0x00007ffa501f0000 - 0x00007ffa501fa000 	C:\WINDOWS\SYSTEM32\VERSION.dll
0x00007ffa4d9f0000 - 0x00007ffa4da1d000 	C:\WINDOWS\SYSTEM32\WINMMBASE.dll
0x00007ffa56bb0000 - 0x00007ffa56bfa000 	C:\WINDOWS\System32\cfgmgr32.dll
0x00007ffa51290000 - 0x00007ffa5129f000 	C:\Program Files\Java\jdk1.8.0_241\jre\bin\verify.dll
0x00007ffa4c3c0000 - 0x00007ffa4c3e9000 	C:\Program Files\Java\jdk1.8.0_241\jre\bin\java.dll
0x00007ffa4d580000 - 0x00007ffa4d596000 	C:\Program Files\Java\jdk1.8.0_241\jre\bin\zip.dll
0x00007ffa57b50000 - 0x00007ffa58238000 	C:\WINDOWS\System32\SHELL32.dll
0x00007ffa57940000 - 0x00007ffa579e7000 	C:\WINDOWS\System32\shcore.dll
0x00007ffa56d60000 - 0x00007ffa574db000 	C:\WINDOWS\System32\windows.storage.dll
0x00007ffa565c0000 - 0x00007ffa565de000 	C:\WINDOWS\System32\profapi.dll
0x00007ffa565e0000 - 0x00007ffa5662a000 	C:\WINDOWS\System32\powrprof.dll
0x00007ffa56590000 - 0x00007ffa565a0000 	C:\WINDOWS\System32\UMPDC.dll
0x00007ffa58b70000 - 0x00007ffa58bc2000 	C:\WINDOWS\System32\shlwapi.dll
0x00007ffa565a0000 - 0x00007ffa565b1000 	C:\WINDOWS\System32\kernel.appcore.dll
0x00007ffa56960000 - 0x00007ffa56977000 	C:\WINDOWS\System32\cryptsp.dll
0x00007ffa4c3a0000 - 0x00007ffa4c3ba000 	C:\Program Files\Java\jdk1.8.0_241\jre\bin\net.dll
0x00007ffa55dd0000 - 0x00007ffa55e37000 	C:\WINDOWS\system32\mswsock.dll
0x00007ffa4c380000 - 0x00007ffa4c392000 	C:\Program Files\Java\jdk1.8.0_241\jre\bin\nio.dll
0x00007ffa4b610000 - 0x00007ffa4b63a000 	C:\Users\aurel\.gradle\native\36\windows-amd64\native-platform.dll
0x00007ffa4c370000 - 0x00007ffa4c37d000 	C:\Program Files\Java\jdk1.8.0_241\jre\bin\management.dll
0x00007ffa55950000 - 0x00007ffa55983000 	C:\WINDOWS\system32\rsaenh.dll
0x00007ffa56b80000 - 0x00007ffa56ba6000 	C:\WINDOWS\System32\bcrypt.dll
0x00007ffa564b0000 - 0x00007ffa564d5000 	C:\WINDOWS\SYSTEM32\USERENV.dll
0x00007ffa55fa0000 - 0x00007ffa55fac000 	C:\WINDOWS\SYSTEM32\CRYPTBASE.dll
0x00007ffa55ae0000 - 0x00007ffa55b1a000 	C:\WINDOWS\SYSTEM32\IPHLPAPI.DLL
0x00007ffa58ed0000 - 0x00007ffa58ed8000 	C:\WINDOWS\System32\NSI.dll
0x00007ffa4e5a0000 - 0x00007ffa4e5b6000 	C:\WINDOWS\SYSTEM32\dhcpcsvc6.DLL
0x00007ffa4ea20000 - 0x00007ffa4ea3c000 	C:\WINDOWS\SYSTEM32\dhcpcsvc.DLL
0x00007ffa55b20000 - 0x00007ffa55beb000 	C:\WINDOWS\SYSTEM32\DNSAPI.dll

VM Arguments:
jvm_args: -XX:MaxMetaspaceSize=256m -XX:+HeapDumpOnOutOfMemoryError -Xms256m -Xmx512m -Dfile.encoding=windows-1252 -Duser.country=US -Duser.language=en -Duser.variant 
java_command: org.gradle.launcher.daemon.bootstrap.GradleDaemon 6.2
java_class_path (initial): C:\Users\aurel\.gradle\wrapper\dists\gradle-6.2-all\dvufqs6kielxeao781pmk5huj\gradle-6.2\lib\gradle-launcher-6.2.jar
Launcher Type: SUN_STANDARD

Environment Variables:
JAVA_HOME=C:\Program Files\Java\jdk1.8.0_241
CLASSPATH=D:\Training\ReactNative\jogja\android\\gradle\wrapper\gradle-wrapper.jar
PATH=D:\Training\ReactNative\jogja\android\node_modules\.bin;D:\Training\ReactNative\jogja\node_modules\.bin;D:\Training\ReactNative\node_modules\.bin;D:\Training\node_modules\.bin;D:\node_modules\.bin;C:\Program Files\nodejs;C:\Program Files (x86)\Common Files\Oracle\Java\javapath;C:\oraclexe\app\oracle\product\10.2.0\server\bin;C:\WINDOWS\system32;C:\WINDOWS;C:\WINDOWS\System32\Wbem;C:\WINDOWS\System32\WindowsPowerShell\v1.0\;C:\WINDOWS\System32\OpenSSH\;C:\Go\bin;C:\Program Files\Common Files\Autodesk Shared\;C:\Program Files\Microsoft SQL Server\120\Tools\Binn\;C:\Program Files (x86)\Yarn\bin\;C:\Users\aurel\AppData\Local\Programs\Python\Python37;C:\Program Files\nodejs\;C:\Program Files\MySQL\MySQL Shell 8.0\bin\;C:\Program Files\Git\cmd;C:\Users\aurel\AppData\Local\Microsoft\WindowsApps;C:\Users\aurel\AppData\Local\Programs\Microsoft VS Code\bin;C:\src\flutter\bin;C:\sdk\tools;C:\sdk\platform-tools;C:\Users\aurel\go\bin;C:\Users\aurel\AppData\Local\Programs\Python\Python37\Scripts;C:\Users\aurel\AppData\Roaming\npm;C:\Users\aurel\AppData\Local\Yarn\bin;C:\PHP7;C:\Program Files\heroku\bin;C:\texlive\2020\bin\win32
USERNAME=aurel
OS=Windows_NT
PROCESSOR_IDENTIFIER=Intel64 Family 6 Model 142 Stepping 9, GenuineIntel



---------------  S Y S T E M  ---------------

OS: Windows 10.0 , 64 bit Build 18362 (10.0.18362.1350)

CPU:total 4 (initial active 4) (2 cores per cpu, 2 threads per core) family 6 model 142 stepping 9, cmov, cx8, fxsr, mmx, sse, sse2, sse3, ssse3, sse4.1, sse4.2, popcnt, avx, avx2, aes, clmul, erms, 3dnowpref, lzcnt, ht, tsc, tscinvbit, bmi1, bmi2, adx

Memory: 4k page, physical 12460576k(3149632k free), swap 50209312k(1588k free)

vm_info: Java HotSpot(TM) 64-Bit Server VM (25.241-b07) for windows-amd64 JRE (1.8.0_241-b07), built on Dec 11 2019 10:21:40 by "rejava" with MS VC++ 10.0 (VS2010)

time: Sat Mar 27 14:22:10 2021
timezone: SE Asia Standard Time
elapsed time: 14 seconds (0d 0h 0m 14s)

